Flow report for Lab_1
Mon Apr 10 09:56:41 2023
Quartus II Version 9.0 Build 132 02/25/2009 SJ Web Edition


---------------------
; Table of Contents ;
---------------------
  1. Legal Notice
  2. Flow Summary
  3. Flow Settings
  4. Flow Non-Default Global Settings
  5. Flow Elapsed Time
  6. Flow OS Summary
  7. Flow Log



----------------
; Legal Notice ;
----------------
Copyright (C) 1991-2009 Altera Corporation
Your use of Altera Corporation's design tools, logic functions 
and other software and tools, and its AMPP partner logic 
functions, and any output files from any of the foregoing 
(including device programming or simulation files), and any 
associated documentation or information are expressly subject 
to the terms and conditions of the Altera Program License 
Subscription Agreement, Altera MegaCore Function License 
Agreement, or other applicable license agreement, including, 
without limitation, that your use is for the sole purpose of 
programming logic devices manufactured by Altera and sold by 
Altera or its authorized distributors.  Please refer to the 
applicable agreement for further details.



+-------------------------------------------------------------------------+
; Flow Summary                                                            ;
+-------------------------------+-----------------------------------------+
; Flow Status                   ; Successful - Mon Apr 10 09:56:41 2023   ;
; Quartus II Version            ; 9.0 Build 132 02/25/2009 SJ Web Edition ;
; Revision Name                 ; Lab_1                                   ;
; Top-level Entity Name         ; Lab_1                                   ;
; Family                        ; Stratix II                              ;
; Met timing requirements       ; Yes                                     ;
; Logic utilization             ; < 1 %                                   ;
;     Combinational ALUTs       ; 4 / 12,480 ( < 1 % )                    ;
;     Dedicated logic registers ; 3 / 12,480 ( < 1 % )                    ;
; Total registers               ; 3                                       ;
; Total pins                    ; 7 / 343 ( 2 % )                         ;
; Total virtual pins            ; 0                                       ;
; Total block memory bits       ; 0 / 419,328 ( 0 % )                     ;
; DSP block 9-bit elements      ; 0 / 96 ( 0 % )                          ;
; Total PLLs                    ; 0 / 6 ( 0 % )                           ;
; Total DLLs                    ; 0 / 2 ( 0 % )                           ;
; Device                        ; EP2S15F484C3                            ;
; Timing Models                 ; Final                                   ;
+-------------------------------+-----------------------------------------+


+-----------------------------------------+
; Flow Settings                           ;
+-------------------+---------------------+
; Option            ; Setting             ;
+-------------------+---------------------+
; Start date & time ; 04/10/2023 09:56:30 ;
; Main task         ; Compilation         ;
; Revision Name     ; Lab_1               ;
+-------------------+---------------------+


+--------------------------------------------------------------------------------------------------+
; Flow Non-Default Global Settings                                                                 ;
+------------------------+------------------------------+---------------+-------------+------------+
; Assignment Name        ; Value                        ; Default Value ; Entity Name ; Section Id ;
+------------------------+------------------------------+---------------+-------------+------------+
; COMPILER_SIGNATURE_ID  ; 929340858141.168110979012792 ; --            ; --          ; --         ;
; PARTITION_COLOR        ; 16764057                     ; --            ; --          ; Top        ;
; PARTITION_NETLIST_TYPE ; SOURCE                       ; --            ; --          ; Top        ;
+------------------------+------------------------------+---------------+-------------+------------+


+-----------------------------------------------------------------------------------------------------------------------------+
; Flow Elapsed Time                                                                                                           ;
+-------------------------+--------------+-------------------------+---------------------+------------------------------------+
; Module Name             ; Elapsed Time ; Average Processors Used ; Peak Virtual Memory ; Total CPU Time (on all processors) ;
+-------------------------+--------------+-------------------------+---------------------+------------------------------------+
; Analysis & Synthesis    ; 00:00:01     ; 1.0                     ; 231 MB              ; 00:00:01                           ;
; Fitter                  ; 00:00:03     ; 1.0                     ; 290 MB              ; 00:00:03                           ;
; Assembler               ; 00:00:03     ; 1.0                     ; 246 MB              ; 00:00:03                           ;
; Classic Timing Analyzer ; 00:00:00     ; 1.0                     ; 179 MB              ; 00:00:00                           ;
; Total                   ; 00:00:07     ; --                      ; --                  ; 00:00:07                           ;
+-------------------------+--------------+-------------------------+---------------------+------------------------------------+


+------------------------------------------------------------------------------------------+
; Flow OS Summary                                                                          ;
+-------------------------+------------------+---------------+------------+----------------+
; Module Name             ; Machine Hostname ; OS Name       ; OS Version ; Processor type ;
+-------------------------+------------------+---------------+------------+----------------+
; Analysis & Synthesis    ; MSI              ; Windows Vista ; 6.2        ; x86_64         ;
; Fitter                  ; MSI              ; Windows Vista ; 6.2        ; x86_64         ;
; Assembler               ; MSI              ; Windows Vista ; 6.2        ; x86_64         ;
; Classic Timing Analyzer ; MSI              ; Windows Vista ; 6.2        ; x86_64         ;
+-------------------------+------------------+---------------+------------+----------------+


------------
; Flow Log ;
------------
quartus_map --read_settings_files=on --write_settings_files=off 3-bit_and_xor -c Lab_1
quartus_fit --read_settings_files=off --write_settings_files=off 3-bit_and_xor -c Lab_1
quartus_asm --read_settings_files=off --write_settings_files=off 3-bit_and_xor -c Lab_1
quartus_tan --read_settings_files=off --write_settings_files=off 3-bit_and_xor -c Lab_1 --timing_analysis_only



