Classic Timing Analyzer report for Lab_3
Mon Apr 24 01:58:41 2023
Quartus II Version 9.0 Build 132 02/25/2009 SJ Web Edition


---------------------
; Table of Contents ;
---------------------
  1. Legal Notice
  2. Timing Analyzer Summary
  3. Timing Analyzer Settings
  4. Clock Settings Summary
  5. Parallel Compilation
  6. Clock Setup: 'clk'
  7. tsu
  8. tco
  9. th
 10. Timing Analyzer Messages



----------------
; Legal Notice ;
----------------
Copyright (C) 1991-2009 Altera Corporation
Your use of Altera Corporation's design tools, logic functions 
and other software and tools, and its AMPP partner logic 
functions, and any output files from any of the foregoing 
(including device programming or simulation files), and any 
associated documentation or information are expressly subject 
to the terms and conditions of the Altera Program License 
Subscription Agreement, Altera MegaCore Function License 
Agreement, or other applicable license agreement, including, 
without limitation, that your use is for the sole purpose of 
programming logic devices manufactured by Altera and sold by 
Altera or its authorized distributors.  Please refer to the 
applicable agreement for further details.



+---------------------------------------------------------------------------------------------------------------------------------------------------------------------------------------------------------+
; Timing Analyzer Summary                                                                                                                                                                                 ;
+------------------------------+-------+---------------+------------------------------------------------+----------------------------+-----------------------------+------------+----------+--------------+
; Type                         ; Slack ; Required Time ; Actual Time                                    ; From                       ; To                          ; From Clock ; To Clock ; Failed Paths ;
+------------------------------+-------+---------------+------------------------------------------------+----------------------------+-----------------------------+------------+----------+--------------+
; Worst-case tsu               ; N/A   ; None          ; 4.240 ns                                       ; SwOut                      ; Debouncer_2:comb_5|Count[1] ; --         ; clk      ; 0            ;
; Worst-case tco               ; N/A   ; None          ; 6.825 ns                                       ; Debouncer_2:comb_5|Output  ; DB2                         ; clk        ; --       ; 0            ;
; Worst-case th                ; N/A   ; None          ; -3.650 ns                                      ; SwOut                      ; Debouncer_1:comb_4|shft[0]  ; --         ; clk      ; 0            ;
; Clock Setup: 'clk'           ; N/A   ; None          ; Restricted to 340.02 MHz ( period = 2.941 ns ) ; Debouncer_1:comb_4|shft[1] ; Debouncer_1:comb_4|Output   ; clk        ; clk      ; 0            ;
; Total number of failed paths ;       ;               ;                                                ;                            ;                             ;            ;          ; 0            ;
+------------------------------+-------+---------------+------------------------------------------------+----------------------------+-----------------------------+------------+----------+--------------+


+--------------------------------------------------------------------------------------------------------------------+
; Timing Analyzer Settings                                                                                           ;
+---------------------------------------------------------------------+--------------------+------+----+-------------+
; Option                                                              ; Setting            ; From ; To ; Entity Name ;
+---------------------------------------------------------------------+--------------------+------+----+-------------+
; Device Name                                                         ; EP2C5T144C8        ;      ;    ;             ;
; Timing Models                                                       ; Final              ;      ;    ;             ;
; Default hold multicycle                                             ; Same as Multicycle ;      ;    ;             ;
; Cut paths between unrelated clock domains                           ; On                 ;      ;    ;             ;
; Cut off read during write signal paths                              ; On                 ;      ;    ;             ;
; Cut off feedback from I/O pins                                      ; On                 ;      ;    ;             ;
; Report Combined Fast/Slow Timing                                    ; Off                ;      ;    ;             ;
; Ignore Clock Settings                                               ; Off                ;      ;    ;             ;
; Analyze latches as synchronous elements                             ; On                 ;      ;    ;             ;
; Enable Recovery/Removal analysis                                    ; Off                ;      ;    ;             ;
; Enable Clock Latency                                                ; Off                ;      ;    ;             ;
; Use TimeQuest Timing Analyzer                                       ; Off                ;      ;    ;             ;
; Minimum Core Junction Temperature                                   ; 0                  ;      ;    ;             ;
; Maximum Core Junction Temperature                                   ; 85                 ;      ;    ;             ;
; Number of source nodes to report per destination node               ; 10                 ;      ;    ;             ;
; Number of destination nodes to report                               ; 10                 ;      ;    ;             ;
; Number of paths to report                                           ; 200                ;      ;    ;             ;
; Report Minimum Timing Checks                                        ; Off                ;      ;    ;             ;
; Use Fast Timing Models                                              ; Off                ;      ;    ;             ;
; Report IO Paths Separately                                          ; Off                ;      ;    ;             ;
; Perform Multicorner Analysis                                        ; On                 ;      ;    ;             ;
; Reports the worst-case path for each clock domain and analysis      ; Off                ;      ;    ;             ;
; Removes common clock path pessimism (CCPP) during slack computation ; Off                ;      ;    ;             ;
; Output I/O Timing Endpoint                                          ; Near End           ;      ;    ;             ;
+---------------------------------------------------------------------+--------------------+------+----+-------------+


+------------------------------------------------------------------------------------------------------------------------------------------------------------------------------------+
; Clock Settings Summary                                                                                                                                                             ;
+-----------------+--------------------+----------+------------------+---------------+--------------+----------+-----------------------+---------------------+--------+--------------+
; Clock Node Name ; Clock Setting Name ; Type     ; Fmax Requirement ; Early Latency ; Late Latency ; Based on ; Multiply Base Fmax by ; Divide Base Fmax by ; Offset ; Phase offset ;
+-----------------+--------------------+----------+------------------+---------------+--------------+----------+-----------------------+---------------------+--------+--------------+
; clk             ;                    ; User Pin ; None             ; 0.000 ns      ; 0.000 ns     ; --       ; N/A                   ; N/A                 ; N/A    ;              ;
+-----------------+--------------------+----------+------------------+---------------+--------------+----------+-----------------------+---------------------+--------+--------------+


Parallel compilation was disabled, but you have multiple processors available. Enable parallel compilation to reduce compilation time.
+-------------------------------------+
; Parallel Compilation                ;
+----------------------------+--------+
; Processors                 ; Number ;
+----------------------------+--------+
; Number detected on machine ; 6      ;
; Maximum allowed            ; 1      ;
+----------------------------+--------+


+--------------------------------------------------------------------------------------------------------------------------------------------------------------------------------------------------------------------------------+
; Clock Setup: 'clk'                                                                                                                                                                                                             ;
+-------+------------------------------------------------+-----------------------------+-----------------------------+------------+----------+-----------------------------+---------------------------+-------------------------+
; Slack ; Actual fmax (period)                           ; From                        ; To                          ; From Clock ; To Clock ; Required Setup Relationship ; Required Longest P2P Time ; Actual Longest P2P Time ;
+-------+------------------------------------------------+-----------------------------+-----------------------------+------------+----------+-----------------------------+---------------------------+-------------------------+
; N/A   ; Restricted to 340.02 MHz ( period = 2.941 ns ) ; Debouncer_1:comb_4|shft[1]  ; Debouncer_1:comb_4|Output   ; clk        ; clk      ; None                        ; None                      ; 1.792 ns                ;
; N/A   ; Restricted to 340.02 MHz ( period = 2.941 ns ) ; Debouncer_1:comb_4|shft[3]  ; Debouncer_1:comb_4|Output   ; clk        ; clk      ; None                        ; None                      ; 1.699 ns                ;
; N/A   ; Restricted to 340.02 MHz ( period = 2.941 ns ) ; Debouncer_1:comb_4|shft[0]  ; Debouncer_1:comb_4|Output   ; clk        ; clk      ; None                        ; None                      ; 1.479 ns                ;
; N/A   ; Restricted to 340.02 MHz ( period = 2.941 ns ) ; Debouncer_1:comb_4|shft[2]  ; Debouncer_1:comb_4|Output   ; clk        ; clk      ; None                        ; None                      ; 1.318 ns                ;
; N/A   ; Restricted to 340.02 MHz ( period = 2.941 ns ) ; Debouncer_1:comb_4|shft[0]  ; Debouncer_1:comb_4|shft[1]  ; clk        ; clk      ; None                        ; None                      ; 1.209 ns                ;
; N/A   ; Restricted to 340.02 MHz ( period = 2.941 ns ) ; Debouncer_1:comb_4|shft[2]  ; Debouncer_1:comb_4|shft[3]  ; clk        ; clk      ; None                        ; None                      ; 1.200 ns                ;
; N/A   ; Restricted to 340.02 MHz ( period = 2.941 ns ) ; Debouncer_2:comb_5|Count[1] ; Debouncer_2:comb_5|Count[0] ; clk        ; clk      ; None                        ; None                      ; 1.181 ns                ;
; N/A   ; Restricted to 340.02 MHz ( period = 2.941 ns ) ; Debouncer_2:comb_5|Count[0] ; Debouncer_2:comb_5|Output   ; clk        ; clk      ; None                        ; None                      ; 1.172 ns                ;
; N/A   ; Restricted to 340.02 MHz ( period = 2.941 ns ) ; Debouncer_2:comb_5|Count[0] ; Debouncer_2:comb_5|Count[1] ; clk        ; clk      ; None                        ; None                      ; 1.170 ns                ;
; N/A   ; Restricted to 340.02 MHz ( period = 2.941 ns ) ; Debouncer_1:comb_4|shft[1]  ; Debouncer_1:comb_4|shft[2]  ; clk        ; clk      ; None                        ; None                      ; 0.905 ns                ;
; N/A   ; Restricted to 340.02 MHz ( period = 2.941 ns ) ; Debouncer_2:comb_5|Output   ; Debouncer_2:comb_5|Count[0] ; clk        ; clk      ; None                        ; None                      ; 0.766 ns                ;
; N/A   ; Restricted to 340.02 MHz ( period = 2.941 ns ) ; Debouncer_2:comb_5|Output   ; Debouncer_2:comb_5|Count[1] ; clk        ; clk      ; None                        ; None                      ; 0.765 ns                ;
; N/A   ; Restricted to 340.02 MHz ( period = 2.941 ns ) ; Debouncer_2:comb_5|Count[1] ; Debouncer_2:comb_5|Output   ; clk        ; clk      ; None                        ; None                      ; 0.756 ns                ;
; N/A   ; Restricted to 340.02 MHz ( period = 2.941 ns ) ; Debouncer_1:comb_4|Output   ; Debouncer_1:comb_4|Output   ; clk        ; clk      ; None                        ; None                      ; 0.501 ns                ;
; N/A   ; Restricted to 340.02 MHz ( period = 2.941 ns ) ; Debouncer_2:comb_5|Output   ; Debouncer_2:comb_5|Output   ; clk        ; clk      ; None                        ; None                      ; 0.501 ns                ;
; N/A   ; Restricted to 340.02 MHz ( period = 2.941 ns ) ; Debouncer_2:comb_5|Count[0] ; Debouncer_2:comb_5|Count[0] ; clk        ; clk      ; None                        ; None                      ; 0.501 ns                ;
; N/A   ; Restricted to 340.02 MHz ( period = 2.941 ns ) ; Debouncer_2:comb_5|Count[1] ; Debouncer_2:comb_5|Count[1] ; clk        ; clk      ; None                        ; None                      ; 0.501 ns                ;
+-------+------------------------------------------------+-----------------------------+-----------------------------+------------+----------+-----------------------------+---------------------------+-------------------------+


+------------------------------------------------------------------------------------+
; tsu                                                                                ;
+-------+--------------+------------+-------+-----------------------------+----------+
; Slack ; Required tsu ; Actual tsu ; From  ; To                          ; To Clock ;
+-------+--------------+------------+-------+-----------------------------+----------+
; N/A   ; None         ; 4.240 ns   ; SwOut ; Debouncer_2:comb_5|Output   ; clk      ;
; N/A   ; None         ; 4.240 ns   ; SwOut ; Debouncer_2:comb_5|Count[1] ; clk      ;
; N/A   ; None         ; 4.236 ns   ; SwOut ; Debouncer_2:comb_5|Count[0] ; clk      ;
; N/A   ; None         ; 3.916 ns   ; SwOut ; Debouncer_1:comb_4|shft[0]  ; clk      ;
+-------+--------------+------------+-------+-----------------------------+----------+


+----------------------------------------------------------------------------------+
; tco                                                                              ;
+-------+--------------+------------+---------------------------+-----+------------+
; Slack ; Required tco ; Actual tco ; From                      ; To  ; From Clock ;
+-------+--------------+------------+---------------------------+-----+------------+
; N/A   ; None         ; 6.825 ns   ; Debouncer_2:comb_5|Output ; DB2 ; clk        ;
; N/A   ; None         ; 6.814 ns   ; Debouncer_1:comb_4|Output ; DB1 ; clk        ;
+-------+--------------+------------+---------------------------+-----+------------+


+------------------------------------------------------------------------------------------+
; th                                                                                       ;
+---------------+-------------+-----------+-------+-----------------------------+----------+
; Minimum Slack ; Required th ; Actual th ; From  ; To                          ; To Clock ;
+---------------+-------------+-----------+-------+-----------------------------+----------+
; N/A           ; None        ; -3.650 ns ; SwOut ; Debouncer_1:comb_4|shft[0]  ; clk      ;
; N/A           ; None        ; -3.970 ns ; SwOut ; Debouncer_2:comb_5|Count[0] ; clk      ;
; N/A           ; None        ; -3.974 ns ; SwOut ; Debouncer_2:comb_5|Output   ; clk      ;
; N/A           ; None        ; -3.974 ns ; SwOut ; Debouncer_2:comb_5|Count[1] ; clk      ;
+---------------+-------------+-----------+-------+-----------------------------+----------+


+--------------------------+
; Timing Analyzer Messages ;
+--------------------------+
Info: *******************************************************************
Info: Running Quartus II Classic Timing Analyzer
    Info: Version 9.0 Build 132 02/25/2009 SJ Web Edition
    Info: Processing started: Mon Apr 24 01:58:41 2023
Info: Command: quartus_tan --read_settings_files=off --write_settings_files=off Lab_3 -c Lab_3 --timing_analysis_only
Warning: Found pins functioning as undefined clocks and/or memory enables
    Info: Assuming node "clk" is an undefined clock
Info: Clock "clk" Internal fmax is restricted to 340.02 MHz between source register "Debouncer_1:comb_4|shft[1]" and destination register "Debouncer_1:comb_4|Output"
    Info: fmax restricted to clock pin edge rate 2.941 ns. Expand message to see actual delay path.
        Info: + Longest register to register delay is 1.792 ns
            Info: 1: + IC(0.000 ns) + CELL(0.000 ns) = 0.000 ns; Loc. = LCFF_X1_Y11_N25; Fanout = 2; REG Node = 'Debouncer_1:comb_4|shft[1]'
            Info: 2: + IC(0.466 ns) + CELL(0.651 ns) = 1.117 ns; Loc. = LCCOMB_X1_Y11_N12; Fanout = 1; COMB Node = 'Debouncer_1:comb_4|Output~0'
            Info: 3: + IC(0.361 ns) + CELL(0.206 ns) = 1.684 ns; Loc. = LCCOMB_X1_Y11_N16; Fanout = 1; COMB Node = 'Debouncer_1:comb_4|Output~1'
            Info: 4: + IC(0.000 ns) + CELL(0.108 ns) = 1.792 ns; Loc. = LCFF_X1_Y11_N17; Fanout = 2; REG Node = 'Debouncer_1:comb_4|Output'
            Info: Total cell delay = 0.965 ns ( 53.85 % )
            Info: Total interconnect delay = 0.827 ns ( 46.15 % )
        Info: - Smallest clock skew is 0.000 ns
            Info: + Shortest clock path from clock "clk" to destination register is 2.750 ns
                Info: 1: + IC(0.000 ns) + CELL(1.100 ns) = 1.100 ns; Loc. = PIN_17; Fanout = 1; CLK Node = 'clk'
                Info: 2: + IC(0.143 ns) + CELL(0.000 ns) = 1.243 ns; Loc. = CLKCTRL_G2; Fanout = 8; COMB Node = 'clk~clkctrl'
                Info: 3: + IC(0.841 ns) + CELL(0.666 ns) = 2.750 ns; Loc. = LCFF_X1_Y11_N17; Fanout = 2; REG Node = 'Debouncer_1:comb_4|Output'
                Info: Total cell delay = 1.766 ns ( 64.22 % )
                Info: Total interconnect delay = 0.984 ns ( 35.78 % )
            Info: - Longest clock path from clock "clk" to source register is 2.750 ns
                Info: 1: + IC(0.000 ns) + CELL(1.100 ns) = 1.100 ns; Loc. = PIN_17; Fanout = 1; CLK Node = 'clk'
                Info: 2: + IC(0.143 ns) + CELL(0.000 ns) = 1.243 ns; Loc. = CLKCTRL_G2; Fanout = 8; COMB Node = 'clk~clkctrl'
                Info: 3: + IC(0.841 ns) + CELL(0.666 ns) = 2.750 ns; Loc. = LCFF_X1_Y11_N25; Fanout = 2; REG Node = 'Debouncer_1:comb_4|shft[1]'
                Info: Total cell delay = 1.766 ns ( 64.22 % )
                Info: Total interconnect delay = 0.984 ns ( 35.78 % )
        Info: + Micro clock to output delay of source is 0.304 ns
        Info: + Micro setup delay of destination is -0.040 ns
Info: tsu for register "Debouncer_2:comb_5|Output" (data pin = "SwOut", clock pin = "clk") is 4.240 ns
    Info: + Longest pin to register delay is 7.030 ns
        Info: 1: + IC(0.000 ns) + CELL(0.945 ns) = 0.945 ns; Loc. = PIN_8; Fanout = 4; PIN Node = 'SwOut'
        Info: 2: + IC(5.326 ns) + CELL(0.651 ns) = 6.922 ns; Loc. = LCCOMB_X1_Y11_N18; Fanout = 1; COMB Node = 'Debouncer_2:comb_5|Output~1'
        Info: 3: + IC(0.000 ns) + CELL(0.108 ns) = 7.030 ns; Loc. = LCFF_X1_Y11_N19; Fanout = 4; REG Node = 'Debouncer_2:comb_5|Output'
        Info: Total cell delay = 1.704 ns ( 24.24 % )
        Info: Total interconnect delay = 5.326 ns ( 75.76 % )
    Info: + Micro setup delay of destination is -0.040 ns
    Info: - Shortest clock path from clock "clk" to destination register is 2.750 ns
        Info: 1: + IC(0.000 ns) + CELL(1.100 ns) = 1.100 ns; Loc. = PIN_17; Fanout = 1; CLK Node = 'clk'
        Info: 2: + IC(0.143 ns) + CELL(0.000 ns) = 1.243 ns; Loc. = CLKCTRL_G2; Fanout = 8; COMB Node = 'clk~clkctrl'
        Info: 3: + IC(0.841 ns) + CELL(0.666 ns) = 2.750 ns; Loc. = LCFF_X1_Y11_N19; Fanout = 4; REG Node = 'Debouncer_2:comb_5|Output'
        Info: Total cell delay = 1.766 ns ( 64.22 % )
        Info: Total interconnect delay = 0.984 ns ( 35.78 % )
Info: tco from clock "clk" to destination pin "DB2" through register "Debouncer_2:comb_5|Output" is 6.825 ns
    Info: + Longest clock path from clock "clk" to source register is 2.750 ns
        Info: 1: + IC(0.000 ns) + CELL(1.100 ns) = 1.100 ns; Loc. = PIN_17; Fanout = 1; CLK Node = 'clk'
        Info: 2: + IC(0.143 ns) + CELL(0.000 ns) = 1.243 ns; Loc. = CLKCTRL_G2; Fanout = 8; COMB Node = 'clk~clkctrl'
        Info: 3: + IC(0.841 ns) + CELL(0.666 ns) = 2.750 ns; Loc. = LCFF_X1_Y11_N19; Fanout = 4; REG Node = 'Debouncer_2:comb_5|Output'
        Info: Total cell delay = 1.766 ns ( 64.22 % )
        Info: Total interconnect delay = 0.984 ns ( 35.78 % )
    Info: + Micro clock to output delay of source is 0.304 ns
    Info: + Longest register to pin delay is 3.771 ns
        Info: 1: + IC(0.000 ns) + CELL(0.000 ns) = 0.000 ns; Loc. = LCFF_X1_Y11_N19; Fanout = 4; REG Node = 'Debouncer_2:comb_5|Output'
        Info: 2: + IC(0.715 ns) + CELL(3.056 ns) = 3.771 ns; Loc. = PIN_9; Fanout = 0; PIN Node = 'DB2'
        Info: Total cell delay = 3.056 ns ( 81.04 % )
        Info: Total interconnect delay = 0.715 ns ( 18.96 % )
Info: th for register "Debouncer_1:comb_4|shft[0]" (data pin = "SwOut", clock pin = "clk") is -3.650 ns
    Info: + Longest clock path from clock "clk" to destination register is 2.750 ns
        Info: 1: + IC(0.000 ns) + CELL(1.100 ns) = 1.100 ns; Loc. = PIN_17; Fanout = 1; CLK Node = 'clk'
        Info: 2: + IC(0.143 ns) + CELL(0.000 ns) = 1.243 ns; Loc. = CLKCTRL_G2; Fanout = 8; COMB Node = 'clk~clkctrl'
        Info: 3: + IC(0.841 ns) + CELL(0.666 ns) = 2.750 ns; Loc. = LCFF_X1_Y11_N13; Fanout = 2; REG Node = 'Debouncer_1:comb_4|shft[0]'
        Info: Total cell delay = 1.766 ns ( 64.22 % )
        Info: Total interconnect delay = 0.984 ns ( 35.78 % )
    Info: + Micro hold delay of destination is 0.306 ns
    Info: - Shortest pin to register delay is 6.706 ns
        Info: 1: + IC(0.000 ns) + CELL(0.945 ns) = 0.945 ns; Loc. = PIN_8; Fanout = 4; PIN Node = 'SwOut'
        Info: 2: + IC(5.301 ns) + CELL(0.460 ns) = 6.706 ns; Loc. = LCFF_X1_Y11_N13; Fanout = 2; REG Node = 'Debouncer_1:comb_4|shft[0]'
        Info: Total cell delay = 1.405 ns ( 20.95 % )
        Info: Total interconnect delay = 5.301 ns ( 79.05 % )
Info: Quartus II Classic Timing Analyzer was successful. 0 errors, 1 warning
    Info: Peak virtual memory: 191 megabytes
    Info: Processing ended: Mon Apr 24 01:58:41 2023
    Info: Elapsed time: 00:00:00
    Info: Total CPU time (on all processors): 00:00:00


