Fitter report for Lab_4
Sun Jun 04 00:28:42 2023
Quartus II Version 9.0 Build 132 02/25/2009 SJ Web Edition


---------------------
; Table of Contents ;
---------------------
  1. Legal Notice
  2. Fitter Summary
  3. Fitter Settings
  4. Parallel Compilation
  5. Incremental Compilation Preservation Summary
  6. Incremental Compilation Partition Settings
  7. Incremental Compilation Placement Preservation
  8. Pin-Out File
  9. Fitter Resource Usage Summary
 10. Input Pins
 11. Output Pins
 12. I/O Bank Usage
 13. All Package Pins
 14. Output Pin Default Load For Reported TCO
 15. Fitter Resource Utilization by Entity
 16. Delay Chain Summary
 17. Pad To Core Delay Chain Fanout
 18. Control Signals
 19. Global & Other Fast Signals
 20. Non-Global High Fan-Out Signals
 21. Interconnect Usage Summary
 22. LAB Logic Elements
 23. LAB-wide Signals
 24. LAB Signals Sourced
 25. LAB Signals Sourced Out
 26. LAB Distinct Inputs
 27. Fitter Device Options
 28. Operating Settings and Conditions
 29. Estimated Delay Added for Hold Timing
 30. Advanced Data - General
 31. Advanced Data - Placement Preparation
 32. Advanced Data - Placement
 33. Advanced Data - Routing
 34. Fitter Messages



----------------
; Legal Notice ;
----------------
Copyright (C) 1991-2009 Altera Corporation
Your use of Altera Corporation's design tools, logic functions 
and other software and tools, and its AMPP partner logic 
functions, and any output files from any of the foregoing 
(including device programming or simulation files), and any 
associated documentation or information are expressly subject 
to the terms and conditions of the Altera Program License 
Subscription Agreement, Altera MegaCore Function License 
Agreement, or other applicable license agreement, including, 
without limitation, that your use is for the sole purpose of 
programming logic devices manufactured by Altera and sold by 
Altera or its authorized distributors.  Please refer to the 
applicable agreement for further details.



+------------------------------------------------------------------------------+
; Fitter Summary                                                               ;
+------------------------------------+-----------------------------------------+
; Fitter Status                      ; Successful - Sun Jun 04 00:28:42 2023   ;
; Quartus II Version                 ; 9.0 Build 132 02/25/2009 SJ Web Edition ;
; Revision Name                      ; Lab_4                                   ;
; Top-level Entity Name              ; Lab_4                                   ;
; Family                             ; Cyclone II                              ;
; Device                             ; EP2C5T144C8                             ;
; Timing Models                      ; Final                                   ;
; Total logic elements               ; 20 / 4,608 ( < 1 % )                    ;
;     Total combinational functions  ; 19 / 4,608 ( < 1 % )                    ;
;     Dedicated logic registers      ; 20 / 4,608 ( < 1 % )                    ;
; Total registers                    ; 20                                      ;
; Total pins                         ; 21 / 89 ( 24 % )                        ;
; Total virtual pins                 ; 0                                       ;
; Total memory bits                  ; 0 / 119,808 ( 0 % )                     ;
; Embedded Multiplier 9-bit elements ; 0 / 26 ( 0 % )                          ;
; Total PLLs                         ; 0 / 2 ( 0 % )                           ;
+------------------------------------+-----------------------------------------+


+--------------------------------------------------------------------------------------------------------------------------------------+
; Fitter Settings                                                                                                                      ;
+--------------------------------------------------------------------+--------------------------------+--------------------------------+
; Option                                                             ; Setting                        ; Default Value                  ;
+--------------------------------------------------------------------+--------------------------------+--------------------------------+
; Device                                                             ; EP2C5T144C8                    ;                                ;
; Minimum Core Junction Temperature                                  ; 0                              ;                                ;
; Maximum Core Junction Temperature                                  ; 85                             ;                                ;
; Fit Attempts to Skip                                               ; 0                              ; 0.0                            ;
; Use smart compilation                                              ; Off                            ; Off                            ;
; Use TimeQuest Timing Analyzer                                      ; Off                            ; Off                            ;
; Router Timing Optimization Level                                   ; Normal                         ; Normal                         ;
; Placement Effort Multiplier                                        ; 1.0                            ; 1.0                            ;
; Router Effort Multiplier                                           ; 1.0                            ; 1.0                            ;
; Always Enable Input Buffers                                        ; Off                            ; Off                            ;
; Optimize Hold Timing                                               ; IO Paths and Minimum TPD Paths ; IO Paths and Minimum TPD Paths ;
; Optimize Multi-Corner Timing                                       ; Off                            ; Off                            ;
; PowerPlay Power Optimization                                       ; Normal compilation             ; Normal compilation             ;
; Optimize Timing                                                    ; Normal compilation             ; Normal compilation             ;
; Optimize Timing for ECOs                                           ; Off                            ; Off                            ;
; Regenerate full fit report during ECO compiles                     ; Off                            ; Off                            ;
; Optimize IOC Register Placement for Timing                         ; On                             ; On                             ;
; Limit to One Fitting Attempt                                       ; Off                            ; Off                            ;
; Final Placement Optimizations                                      ; Automatically                  ; Automatically                  ;
; Fitter Aggressive Routability Optimizations                        ; Automatically                  ; Automatically                  ;
; Fitter Initial Placement Seed                                      ; 1                              ; 1                              ;
; PCI I/O                                                            ; Off                            ; Off                            ;
; Weak Pull-Up Resistor                                              ; Off                            ; Off                            ;
; Enable Bus-Hold Circuitry                                          ; Off                            ; Off                            ;
; Auto Global Memory Control Signals                                 ; Off                            ; Off                            ;
; Auto Packed Registers                                              ; Auto                           ; Auto                           ;
; Auto Delay Chains                                                  ; On                             ; On                             ;
; Auto Merge PLLs                                                    ; On                             ; On                             ;
; Ignore PLL Mode When Merging PLLs                                  ; Off                            ; Off                            ;
; Perform Physical Synthesis for Combinational Logic for Fitting     ; Off                            ; Off                            ;
; Perform Physical Synthesis for Combinational Logic for Performance ; Off                            ; Off                            ;
; Perform Register Duplication for Performance                       ; Off                            ; Off                            ;
; Perform Logic to Memory Mapping for Fitting                        ; Off                            ; Off                            ;
; Perform Register Retiming for Performance                          ; Off                            ; Off                            ;
; Perform Asynchronous Signal Pipelining                             ; Off                            ; Off                            ;
; Fitter Effort                                                      ; Auto Fit                       ; Auto Fit                       ;
; Physical Synthesis Effort Level                                    ; Normal                         ; Normal                         ;
; Auto Global Clock                                                  ; On                             ; On                             ;
; Auto Global Register Control Signals                               ; On                             ; On                             ;
; Stop After Congestion Map Generation                               ; Off                            ; Off                            ;
; Save Intermediate Fitting Results                                  ; Off                            ; Off                            ;
; Force Fitter to Avoid Periphery Placement Warnings                 ; Off                            ; Off                            ;
+--------------------------------------------------------------------+--------------------------------+--------------------------------+


Parallel compilation was disabled, but you have multiple processors available. Enable parallel compilation to reduce compilation time.
+-------------------------------------+
; Parallel Compilation                ;
+----------------------------+--------+
; Processors                 ; Number ;
+----------------------------+--------+
; Number detected on machine ; 6      ;
; Maximum allowed            ; 1      ;
+----------------------------+--------+


+----------------------------------------------+
; Incremental Compilation Preservation Summary ;
+-------------------------+--------------------+
; Type                    ; Value              ;
+-------------------------+--------------------+
; Placement               ;                    ;
;     -- Requested        ; 0 / 60 ( 0.00 % )  ;
;     -- Achieved         ; 0 / 60 ( 0.00 % )  ;
;                         ;                    ;
; Routing (by Connection) ;                    ;
;     -- Requested        ; 0 / 0 ( 0.00 % )   ;
;     -- Achieved         ; 0 / 0 ( 0.00 % )   ;
+-------------------------+--------------------+


+--------------------------------------------------------------------------------------------------------------------------------------------------+
; Incremental Compilation Partition Settings                                                                                                       ;
+----------------+----------------+-------------------+-------------------------+------------------------+------------------------------+----------+
; Partition Name ; Partition Type ; Netlist Type Used ; Preservation Level Used ; Netlist Type Requested ; Preservation Level Requested ; Contents ;
+----------------+----------------+-------------------+-------------------------+------------------------+------------------------------+----------+
; Top            ; User-created   ; Source File       ; N/A                     ; Source File            ; N/A                          ;          ;
+----------------+----------------+-------------------+-------------------------+------------------------+------------------------------+----------+


+--------------------------------------------------------------------------------------------+
; Incremental Compilation Placement Preservation                                             ;
+----------------+---------+-------------------+-------------------------+-------------------+
; Partition Name ; # Nodes ; # Preserved Nodes ; Preservation Level Used ; Netlist Type Used ;
+----------------+---------+-------------------+-------------------------+-------------------+
; Top            ; 60      ; 0                 ; N/A                     ; Source File       ;
+----------------+---------+-------------------+-------------------------+-------------------+


+--------------+
; Pin-Out File ;
+--------------+
The pin-out file can be found in D:/Desktop/verilog/Labs/Lab_4/Lab_4.pin.


+--------------------------------------------------------------------+
; Fitter Resource Usage Summary                                      ;
+---------------------------------------------+----------------------+
; Resource                                    ; Usage                ;
+---------------------------------------------+----------------------+
; Total logic elements                        ; 20 / 4,608 ( < 1 % ) ;
;     -- Combinational with no register       ; 0                    ;
;     -- Register only                        ; 1                    ;
;     -- Combinational with a register        ; 19                   ;
;                                             ;                      ;
; Logic element usage by number of LUT inputs ;                      ;
;     -- 4 input functions                    ; 8                    ;
;     -- 3 input functions                    ; 3                    ;
;     -- <=2 input functions                  ; 8                    ;
;     -- Register only                        ; 1                    ;
;                                             ;                      ;
; Logic elements by mode                      ;                      ;
;     -- normal mode                          ; 19                   ;
;     -- arithmetic mode                      ; 0                    ;
;                                             ;                      ;
; Total registers*                            ; 20 / 4,851 ( < 1 % ) ;
;     -- Dedicated logic registers            ; 20 / 4,608 ( < 1 % ) ;
;     -- I/O registers                        ; 0 / 243 ( 0 % )      ;
;                                             ;                      ;
; Total LABs:  partially or completely used   ; 2 / 288 ( < 1 % )    ;
; User inserted logic elements                ; 0                    ;
; Virtual pins                                ; 0                    ;
; I/O pins                                    ; 21 / 89 ( 24 % )     ;
;     -- Clock pins                           ; 2 / 4 ( 50 % )       ;
; Global signals                              ; 1                    ;
; M4Ks                                        ; 0 / 26 ( 0 % )       ;
; Total block memory bits                     ; 0 / 119,808 ( 0 % )  ;
; Total block memory implementation bits      ; 0 / 119,808 ( 0 % )  ;
; Embedded Multiplier 9-bit elements          ; 0 / 26 ( 0 % )       ;
; PLLs                                        ; 0 / 2 ( 0 % )        ;
; Global clocks                               ; 1 / 8 ( 13 % )       ;
; JTAGs                                       ; 0 / 1 ( 0 % )        ;
; ASMI blocks                                 ; 0 / 1 ( 0 % )        ;
; CRC blocks                                  ; 0 / 1 ( 0 % )        ;
; Average interconnect usage (total/H/V)      ; 0% / 0% / 0%         ;
; Peak interconnect usage (total/H/V)         ; 0% / 0% / 0%         ;
; Maximum fan-out node                        ; Clk~clkctrl          ;
; Maximum fan-out                             ; 20                   ;
; Highest non-global fan-out signal           ; Send                 ;
; Highest non-global fan-out                  ; 10                   ;
; Total fan-out                               ; 115                  ;
; Average fan-out                             ; 1.80                 ;
+---------------------------------------------+----------------------+
*  Register count does not include registers inside RAM blocks or DSP blocks.



+---------------------------------------------------------------------------------------------------------------------------------------------------------------------------------------------------------------------------------------------------------------+
; Input Pins                                                                                                                                                                                                                                                    ;
+---------+-------+----------+--------------+--------------+-------------+-----------------------+--------------------+--------+----------------+---------------+-----------------+----------+--------------+--------------+-------------+----------------------+
; Name    ; Pin # ; I/O Bank ; X coordinate ; Y coordinate ; Cell number ; Combinational Fan-Out ; Registered Fan-Out ; Global ; Input Register ; Power Up High ; PCI I/O Enabled ; Bus Hold ; Weak Pull Up ; I/O Standard ; Termination ; Location assigned by ;
+---------+-------+----------+--------------+--------------+-------------+-----------------------+--------------------+--------+----------------+---------------+-----------------+----------+--------------+--------------+-------------+----------------------+
; Clk     ; 17    ; 1        ; 0            ; 6            ; 0           ; 2                     ; 0                  ; yes    ; no             ; no            ; no              ; no       ; Off          ; 3.3-V LVTTL  ; Off         ; Fitter               ;
; PDin[0] ; 89    ; 3        ; 28           ; 7            ; 2           ; 1                     ; 0                  ; no     ; no             ; no            ; no              ; no       ; Off          ; 3.3-V LVTTL  ; Off         ; Fitter               ;
; PDin[1] ; 88    ; 3        ; 28           ; 7            ; 3           ; 1                     ; 0                  ; no     ; no             ; no            ; no              ; no       ; Off          ; 3.3-V LVTTL  ; Off         ; Fitter               ;
; PDin[2] ; 86    ; 3        ; 28           ; 6            ; 1           ; 1                     ; 0                  ; no     ; no             ; no            ; no              ; no       ; Off          ; 3.3-V LVTTL  ; Off         ; Fitter               ;
; PDin[3] ; 81    ; 3        ; 28           ; 5            ; 1           ; 1                     ; 0                  ; no     ; no             ; no            ; no              ; no       ; Off          ; 3.3-V LVTTL  ; Off         ; Fitter               ;
; PDin[4] ; 75    ; 3        ; 28           ; 2            ; 1           ; 1                     ; 0                  ; no     ; no             ; no            ; no              ; no       ; Off          ; 3.3-V LVTTL  ; Off         ; Fitter               ;
; PDin[5] ; 74    ; 3        ; 28           ; 1            ; 0           ; 1                     ; 0                  ; no     ; no             ; no            ; no              ; no       ; Off          ; 3.3-V LVTTL  ; Off         ; Fitter               ;
; PDin[6] ; 80    ; 3        ; 28           ; 5            ; 2           ; 1                     ; 0                  ; no     ; no             ; no            ; no              ; no       ; Off          ; 3.3-V LVTTL  ; Off         ; Fitter               ;
; PDin[7] ; 73    ; 3        ; 28           ; 1            ; 1           ; 1                     ; 0                  ; no     ; no             ; no            ; no              ; no       ; Off          ; 3.3-V LVTTL  ; Off         ; Fitter               ;
; Send    ; 40    ; 4        ; 1            ; 0            ; 2           ; 10                    ; 0                  ; no     ; no             ; no            ; no              ; no       ; Off          ; 3.3-V LVTTL  ; Off         ; Fitter               ;
+---------+-------+----------+--------------+--------------+-------------+-----------------------+--------------------+--------+----------------+---------------+-----------------+----------+--------------+--------------+-------------+----------------------+


+-------------------------------------------------------------------------------------------------------------------------------------------------------------------------------------------------------------------------------------------------------------------------------------------+
; Output Pins                                                                                                                                                                                                                                                                               ;
+----------+-------+----------+--------------+--------------+-------------+-----------------+------------------------+---------------+-----------------+------------+---------------+----------+--------------+--------------+------------------+-------------+----------------------+------+
; Name     ; Pin # ; I/O Bank ; X coordinate ; Y coordinate ; Cell number ; Output Register ; Output Enable Register ; Power Up High ; PCI I/O Enabled ; Open Drain ; TRI Primitive ; Bus Hold ; Weak Pull Up ; I/O Standard ; Current Strength ; Termination ; Location assigned by ; Load ;
+----------+-------+----------+--------------+--------------+-------------+-----------------+------------------------+---------------+-----------------+------------+---------------+----------+--------------+--------------+------------------+-------------+----------------------+------+
; PDout[0] ; 28    ; 1        ; 0            ; 4            ; 3           ; no              ; no                     ; no            ; no              ; no         ; no            ; no       ; Off          ; 3.3-V LVTTL  ; 24mA             ; Off         ; Fitter               ; 0 pF ;
; PDout[1] ; 30    ; 1        ; 0            ; 2            ; 2           ; no              ; no                     ; no            ; no              ; no         ; no            ; no       ; Off          ; 3.3-V LVTTL  ; 24mA             ; Off         ; Fitter               ; 0 pF ;
; PDout[2] ; 70    ; 4        ; 26           ; 0            ; 2           ; no              ; no                     ; no            ; no              ; no         ; no            ; no       ; Off          ; 3.3-V LVTTL  ; 24mA             ; Off         ; Fitter               ; 0 pF ;
; PDout[3] ; 24    ; 1        ; 0            ; 5            ; 0           ; no              ; no                     ; no            ; no              ; no         ; no            ; no       ; Off          ; 3.3-V LVTTL  ; 24mA             ; Off         ; Fitter               ; 0 pF ;
; PDout[4] ; 115   ; 2        ; 24           ; 14           ; 0           ; no              ; no                     ; no            ; no              ; no         ; no            ; no       ; Off          ; 3.3-V LVTTL  ; 24mA             ; Off         ; Fitter               ; 0 pF ;
; PDout[5] ; 9     ; 1        ; 0            ; 11           ; 3           ; no              ; no                     ; no            ; no              ; no         ; no            ; no       ; Off          ; 3.3-V LVTTL  ; 24mA             ; Off         ; Fitter               ; 0 pF ;
; PDout[6] ; 27    ; 1        ; 0            ; 5            ; 3           ; no              ; no                     ; no            ; no              ; no         ; no            ; no       ; Off          ; 3.3-V LVTTL  ; 24mA             ; Off         ; Fitter               ; 0 pF ;
; PDout[7] ; 26    ; 1        ; 0            ; 5            ; 2           ; no              ; no                     ; no            ; no              ; no         ; no            ; no       ; Off          ; 3.3-V LVTTL  ; 24mA             ; Off         ; Fitter               ; 0 pF ;
; PDready  ; 129   ; 2        ; 12           ; 14           ; 0           ; no              ; no                     ; no            ; no              ; no         ; no            ; no       ; Off          ; 3.3-V LVTTL  ; 24mA             ; Off         ; Fitter               ; 0 pF ;
; SClk     ; 8     ; 1        ; 0            ; 11           ; 2           ; no              ; no                     ; no            ; no              ; no         ; no            ; no       ; Off          ; 3.3-V LVTTL  ; 24mA             ; Off         ; Fitter               ; 0 pF ;
; SDout    ; 63    ; 4        ; 19           ; 0            ; 0           ; no              ; no                     ; no            ; no              ; no         ; no            ; no       ; Off          ; 3.3-V LVTTL  ; 24mA             ; Off         ; Fitter               ; 0 pF ;
+----------+-------+----------+--------------+--------------+-------------+-----------------+------------------------+---------------+-----------------+------------+---------------+----------+--------------+--------------+------------------+-------------+----------------------+------+


+------------------------------------------------------------+
; I/O Bank Usage                                             ;
+----------+------------------+---------------+--------------+
; I/O Bank ; Usage            ; VCCIO Voltage ; VREF Voltage ;
+----------+------------------+---------------+--------------+
; 1        ; 10 / 19 ( 53 % ) ; 3.3V          ; --           ;
; 2        ; 2 / 23 ( 9 % )   ; 3.3V          ; --           ;
; 3        ; 9 / 23 ( 39 % )  ; 3.3V          ; --           ;
; 4        ; 3 / 24 ( 13 % )  ; 3.3V          ; --           ;
+----------+------------------+---------------+--------------+


+------------------------------------------------------------------------------------------------------------------------------------------------------------------------+
; All Package Pins                                                                                                                                                       ;
+----------+------------+----------+------------------------------------------+--------+--------------+---------+------------+-----------------+----------+--------------+
; Location ; Pad Number ; I/O Bank ; Pin Name/Usage                           ; Dir.   ; I/O Standard ; Voltage ; I/O Type   ; User Assignment ; Bus Hold ; Weak Pull Up ;
+----------+------------+----------+------------------------------------------+--------+--------------+---------+------------+-----------------+----------+--------------+
; 1        ; 0          ; 1        ; ~ASDO~ / RESERVED_INPUT_WITH_WEAK_PULLUP ; input  ; 3.3-V LVTTL  ;         ; Row I/O    ; N               ; no       ; On           ;
; 2        ; 1          ; 1        ; ~nCSO~ / RESERVED_INPUT_WITH_WEAK_PULLUP ; input  ; 3.3-V LVTTL  ;         ; Row I/O    ; N               ; no       ; On           ;
; 3        ; 2          ; 1        ; GND*                                     ;        ;              ;         ; Row I/O    ;                 ; no       ; Off          ;
; 4        ; 3          ; 1        ; GND*                                     ;        ;              ;         ; Row I/O    ;                 ; no       ; Off          ;
; 5        ;            ; 1        ; VCCIO1                                   ; power  ;              ; 3.3V    ; --         ;                 ; --       ; --           ;
; 6        ;            ;          ; GND                                      ; gnd    ;              ;         ; --         ;                 ; --       ; --           ;
; 7        ; 10         ; 1        ; GND*                                     ;        ;              ;         ; Row I/O    ;                 ; no       ; Off          ;
; 8        ; 11         ; 1        ; SClk                                     ; output ; 3.3-V LVTTL  ;         ; Row I/O    ; N               ; no       ; Off          ;
; 9        ; 12         ; 1        ; PDout[5]                                 ; output ; 3.3-V LVTTL  ;         ; Row I/O    ; N               ; no       ; Off          ;
; 10       ; 13         ; 1        ; #TDO                                     ; output ;              ;         ; --         ;                 ; --       ; --           ;
; 11       ; 14         ; 1        ; #TMS                                     ; input  ;              ;         ; --         ;                 ; --       ; --           ;
; 12       ; 15         ; 1        ; #TCK                                     ; input  ;              ;         ; --         ;                 ; --       ; --           ;
; 13       ; 16         ; 1        ; #TDI                                     ; input  ;              ;         ; --         ;                 ; --       ; --           ;
; 14       ; 17         ; 1        ; ^DATA0                                   ; input  ;              ;         ; --         ;                 ; --       ; --           ;
; 15       ; 18         ; 1        ; ^DCLK                                    ;        ;              ;         ; --         ;                 ; --       ; --           ;
; 16       ; 19         ; 1        ; ^nCE                                     ;        ;              ;         ; --         ;                 ; --       ; --           ;
; 17       ; 20         ; 1        ; Clk                                      ; input  ; 3.3-V LVTTL  ;         ; Row I/O    ; N               ; no       ; Off          ;
; 18       ; 21         ; 1        ; GND+                                     ;        ;              ;         ; Row I/O    ;                 ; --       ; --           ;
; 19       ;            ;          ; GND                                      ; gnd    ;              ;         ; --         ;                 ; --       ; --           ;
; 20       ; 22         ; 1        ; ^nCONFIG                                 ;        ;              ;         ; --         ;                 ; --       ; --           ;
; 21       ; 23         ; 1        ; GND+                                     ;        ;              ;         ; Row I/O    ;                 ; --       ; --           ;
; 22       ; 24         ; 1        ; GND+                                     ;        ;              ;         ; Row I/O    ;                 ; --       ; --           ;
; 23       ;            ; 1        ; VCCIO1                                   ; power  ;              ; 3.3V    ; --         ;                 ; --       ; --           ;
; 24       ; 25         ; 1        ; PDout[3]                                 ; output ; 3.3-V LVTTL  ;         ; Row I/O    ; N               ; no       ; Off          ;
; 25       ; 26         ; 1        ; GND*                                     ;        ;              ;         ; Row I/O    ;                 ; no       ; Off          ;
; 26       ; 27         ; 1        ; PDout[7]                                 ; output ; 3.3-V LVTTL  ;         ; Row I/O    ; N               ; no       ; Off          ;
; 27       ; 28         ; 1        ; PDout[6]                                 ; output ; 3.3-V LVTTL  ;         ; Row I/O    ; N               ; no       ; Off          ;
; 28       ; 32         ; 1        ; PDout[0]                                 ; output ; 3.3-V LVTTL  ;         ; Row I/O    ; N               ; no       ; Off          ;
; 29       ;            ; 1        ; VCCIO1                                   ; power  ;              ; 3.3V    ; --         ;                 ; --       ; --           ;
; 30       ; 40         ; 1        ; PDout[1]                                 ; output ; 3.3-V LVTTL  ;         ; Row I/O    ; N               ; no       ; Off          ;
; 31       ; 41         ; 1        ; GND*                                     ;        ;              ;         ; Row I/O    ;                 ; no       ; Off          ;
; 32       ; 42         ; 1        ; GND*                                     ;        ;              ;         ; Row I/O    ;                 ; no       ; Off          ;
; 33       ;            ;          ; GND                                      ; gnd    ;              ;         ; --         ;                 ; --       ; --           ;
; 34       ;            ;          ; GND_PLL1                                 ; gnd    ;              ;         ; --         ;                 ; --       ; --           ;
; 35       ;            ;          ; VCCD_PLL1                                ; power  ;              ; 1.2V    ; --         ;                 ; --       ; --           ;
; 36       ;            ;          ; GND_PLL1                                 ; gnd    ;              ;         ; --         ;                 ; --       ; --           ;
; 37       ;            ;          ; VCCA_PLL1                                ; power  ;              ; 1.2V    ; --         ;                 ; --       ; --           ;
; 38       ;            ;          ; GNDA_PLL1                                ; gnd    ;              ;         ; --         ;                 ; --       ; --           ;
; 39       ;            ;          ; GND                                      ; gnd    ;              ;         ; --         ;                 ; --       ; --           ;
; 40       ; 43         ; 4        ; Send                                     ; input  ; 3.3-V LVTTL  ;         ; Column I/O ; N               ; no       ; Off          ;
; 41       ; 44         ; 4        ; GND*                                     ;        ;              ;         ; Column I/O ;                 ; no       ; Off          ;
; 42       ; 45         ; 4        ; GND*                                     ;        ;              ;         ; Column I/O ;                 ; no       ; Off          ;
; 43       ; 46         ; 4        ; GND*                                     ;        ;              ;         ; Column I/O ;                 ; no       ; Off          ;
; 44       ; 47         ; 4        ; GND*                                     ;        ;              ;         ; Column I/O ;                 ; no       ; Off          ;
; 45       ; 48         ; 4        ; GND*                                     ;        ;              ;         ; Column I/O ;                 ; no       ; Off          ;
; 46       ;            ; 4        ; VCCIO4                                   ; power  ;              ; 3.3V    ; --         ;                 ; --       ; --           ;
; 47       ; 49         ; 4        ; GND*                                     ;        ;              ;         ; Column I/O ;                 ; no       ; Off          ;
; 48       ; 50         ; 4        ; GND*                                     ;        ;              ;         ; Column I/O ;                 ; no       ; Off          ;
; 49       ;            ;          ; GND                                      ; gnd    ;              ;         ; --         ;                 ; --       ; --           ;
; 50       ;            ;          ; VCCINT                                   ; power  ;              ; 1.2V    ; --         ;                 ; --       ; --           ;
; 51       ; 52         ; 4        ; GND*                                     ;        ;              ;         ; Column I/O ;                 ; no       ; Off          ;
; 52       ; 53         ; 4        ; GND*                                     ;        ;              ;         ; Column I/O ;                 ; no       ; Off          ;
; 53       ; 57         ; 4        ; GND*                                     ;        ;              ;         ; Column I/O ;                 ; no       ; Off          ;
; 54       ;            ; 4        ; VCCIO4                                   ; power  ;              ; 3.3V    ; --         ;                 ; --       ; --           ;
; 55       ; 58         ; 4        ; GND*                                     ;        ;              ;         ; Column I/O ;                 ; no       ; Off          ;
; 56       ;            ;          ; GND                                      ; gnd    ;              ;         ; --         ;                 ; --       ; --           ;
; 57       ; 59         ; 4        ; GND*                                     ;        ;              ;         ; Column I/O ;                 ; no       ; Off          ;
; 58       ; 60         ; 4        ; GND*                                     ;        ;              ;         ; Column I/O ;                 ; no       ; Off          ;
; 59       ; 63         ; 4        ; GND*                                     ;        ;              ;         ; Column I/O ;                 ; no       ; Off          ;
; 60       ; 64         ; 4        ; GND*                                     ;        ;              ;         ; Column I/O ;                 ; no       ; Off          ;
; 61       ;            ;          ; GND                                      ; gnd    ;              ;         ; --         ;                 ; --       ; --           ;
; 62       ;            ;          ; VCCINT                                   ; power  ;              ; 1.2V    ; --         ;                 ; --       ; --           ;
; 63       ; 72         ; 4        ; SDout                                    ; output ; 3.3-V LVTTL  ;         ; Column I/O ; N               ; no       ; Off          ;
; 64       ; 75         ; 4        ; GND*                                     ;        ;              ;         ; Column I/O ;                 ; no       ; Off          ;
; 65       ; 76         ; 4        ; GND*                                     ;        ;              ;         ; Column I/O ;                 ; no       ; Off          ;
; 66       ;            ; 4        ; VCCIO4                                   ; power  ;              ; 3.3V    ; --         ;                 ; --       ; --           ;
; 67       ; 79         ; 4        ; GND*                                     ;        ;              ;         ; Column I/O ;                 ; no       ; Off          ;
; 68       ;            ;          ; GND                                      ; gnd    ;              ;         ; --         ;                 ; --       ; --           ;
; 69       ; 80         ; 4        ; GND*                                     ;        ;              ;         ; Column I/O ;                 ; no       ; Off          ;
; 70       ; 81         ; 4        ; PDout[2]                                 ; output ; 3.3-V LVTTL  ;         ; Column I/O ; N               ; no       ; Off          ;
; 71       ; 82         ; 4        ; GND*                                     ;        ;              ;         ; Column I/O ;                 ; no       ; Off          ;
; 72       ; 83         ; 4        ; GND*                                     ;        ;              ;         ; Column I/O ;                 ; no       ; Off          ;
; 73       ; 84         ; 3        ; PDin[7]                                  ; input  ; 3.3-V LVTTL  ;         ; Row I/O    ; N               ; no       ; Off          ;
; 74       ; 85         ; 3        ; PDin[5]                                  ; input  ; 3.3-V LVTTL  ;         ; Row I/O    ; N               ; no       ; Off          ;
; 75       ; 86         ; 3        ; PDin[4]                                  ; input  ; 3.3-V LVTTL  ;         ; Row I/O    ; N               ; no       ; Off          ;
; 76       ; 87         ; 3        ; ~LVDS41p/nCEO~                           ; output ; 3.3-V LVTTL  ;         ; Row I/O    ; N               ; no       ; Off          ;
; 77       ;            ; 3        ; VCCIO3                                   ; power  ;              ; 3.3V    ; --         ;                 ; --       ; --           ;
; 78       ;            ;          ; GND                                      ; gnd    ;              ;         ; --         ;                 ; --       ; --           ;
; 79       ; 95         ; 3        ; GND*                                     ;        ;              ;         ; Row I/O    ;                 ; no       ; Off          ;
; 80       ; 97         ; 3        ; PDin[6]                                  ; input  ; 3.3-V LVTTL  ;         ; Row I/O    ; N               ; no       ; Off          ;
; 81       ; 98         ; 3        ; PDin[3]                                  ; input  ; 3.3-V LVTTL  ;         ; Row I/O    ; N               ; no       ; Off          ;
; 82       ; 99         ; 3        ; ^nSTATUS                                 ;        ;              ;         ; --         ;                 ; --       ; --           ;
; 83       ; 100        ; 3        ; ^CONF_DONE                               ;        ;              ;         ; --         ;                 ; --       ; --           ;
; 84       ; 101        ; 3        ; ^MSEL1                                   ;        ;              ;         ; --         ;                 ; --       ; --           ;
; 85       ; 102        ; 3        ; ^MSEL0                                   ;        ;              ;         ; --         ;                 ; --       ; --           ;
; 86       ; 103        ; 3        ; PDin[2]                                  ; input  ; 3.3-V LVTTL  ;         ; Row I/O    ; N               ; no       ; Off          ;
; 87       ; 104        ; 3        ; GND*                                     ;        ;              ;         ; Row I/O    ;                 ; no       ; Off          ;
; 88       ; 105        ; 3        ; PDin[1]                                  ; input  ; 3.3-V LVTTL  ;         ; Row I/O    ; N               ; no       ; Off          ;
; 89       ; 106        ; 3        ; PDin[0]                                  ; input  ; 3.3-V LVTTL  ;         ; Row I/O    ; N               ; no       ; Off          ;
; 90       ; 107        ; 3        ; GND+                                     ;        ;              ;         ; Row I/O    ;                 ; --       ; --           ;
; 91       ; 108        ; 3        ; GND+                                     ;        ;              ;         ; Row I/O    ;                 ; --       ; --           ;
; 92       ; 109        ; 3        ; GND*                                     ;        ;              ;         ; Row I/O    ;                 ; no       ; Off          ;
; 93       ; 110        ; 3        ; GND*                                     ;        ;              ;         ; Row I/O    ;                 ; no       ; Off          ;
; 94       ; 111        ; 3        ; GND*                                     ;        ;              ;         ; Row I/O    ;                 ; no       ; Off          ;
; 95       ;            ; 3        ; VCCIO3                                   ; power  ;              ; 3.3V    ; --         ;                 ; --       ; --           ;
; 96       ; 112        ; 3        ; GND*                                     ;        ;              ;         ; Row I/O    ;                 ; no       ; Off          ;
; 97       ; 113        ; 3        ; GND*                                     ;        ;              ;         ; Row I/O    ;                 ; no       ; Off          ;
; 98       ;            ;          ; GND                                      ; gnd    ;              ;         ; --         ;                 ; --       ; --           ;
; 99       ; 119        ; 3        ; GND*                                     ;        ;              ;         ; Row I/O    ;                 ; no       ; Off          ;
; 100      ; 120        ; 3        ; GND*                                     ;        ;              ;         ; Row I/O    ;                 ; no       ; Off          ;
; 101      ; 121        ; 3        ; GND*                                     ;        ;              ;         ; Row I/O    ;                 ; no       ; Off          ;
; 102      ;            ; 3        ; VCCIO3                                   ; power  ;              ; 3.3V    ; --         ;                 ; --       ; --           ;
; 103      ; 125        ; 3        ; GND*                                     ;        ;              ;         ; Row I/O    ;                 ; no       ; Off          ;
; 104      ; 126        ; 3        ; GND*                                     ;        ;              ;         ; Row I/O    ;                 ; no       ; Off          ;
; 105      ;            ;          ; GND                                      ; gnd    ;              ;         ; --         ;                 ; --       ; --           ;
; 106      ;            ;          ; GND_PLL2                                 ; gnd    ;              ;         ; --         ;                 ; --       ; --           ;
; 107      ;            ;          ; VCCD_PLL2                                ; power  ;              ; 1.2V    ; --         ;                 ; --       ; --           ;
; 108      ;            ;          ; GND_PLL2                                 ; gnd    ;              ;         ; --         ;                 ; --       ; --           ;
; 109      ;            ;          ; VCCA_PLL2                                ; power  ;              ; 1.2V    ; --         ;                 ; --       ; --           ;
; 110      ;            ;          ; GNDA_PLL2                                ; gnd    ;              ;         ; --         ;                 ; --       ; --           ;
; 111      ;            ;          ; GND                                      ; gnd    ;              ;         ; --         ;                 ; --       ; --           ;
; 112      ; 127        ; 2        ; GND*                                     ;        ;              ;         ; Column I/O ;                 ; no       ; Off          ;
; 113      ; 128        ; 2        ; GND*                                     ;        ;              ;         ; Column I/O ;                 ; no       ; Off          ;
; 114      ; 129        ; 2        ; GND*                                     ;        ;              ;         ; Column I/O ;                 ; no       ; Off          ;
; 115      ; 130        ; 2        ; PDout[4]                                 ; output ; 3.3-V LVTTL  ;         ; Column I/O ; N               ; no       ; Off          ;
; 116      ;            ; 2        ; VCCIO2                                   ; power  ;              ; 3.3V    ; --         ;                 ; --       ; --           ;
; 117      ;            ;          ; GND                                      ; gnd    ;              ;         ; --         ;                 ; --       ; --           ;
; 118      ; 134        ; 2        ; GND*                                     ;        ;              ;         ; Column I/O ;                 ; no       ; Off          ;
; 119      ; 135        ; 2        ; GND*                                     ;        ;              ;         ; Column I/O ;                 ; no       ; Off          ;
; 120      ; 137        ; 2        ; GND*                                     ;        ;              ;         ; Column I/O ;                 ; no       ; Off          ;
; 121      ; 138        ; 2        ; GND*                                     ;        ;              ;         ; Column I/O ;                 ; no       ; Off          ;
; 122      ; 139        ; 2        ; GND*                                     ;        ;              ;         ; Column I/O ;                 ; no       ; Off          ;
; 123      ;            ;          ; GND                                      ; gnd    ;              ;         ; --         ;                 ; --       ; --           ;
; 124      ;            ;          ; VCCINT                                   ; power  ;              ; 1.2V    ; --         ;                 ; --       ; --           ;
; 125      ; 144        ; 2        ; GND*                                     ;        ;              ;         ; Column I/O ;                 ; no       ; Off          ;
; 126      ; 145        ; 2        ; GND*                                     ;        ;              ;         ; Column I/O ;                 ; no       ; Off          ;
; 127      ;            ; 2        ; VCCIO2                                   ; power  ;              ; 3.3V    ; --         ;                 ; --       ; --           ;
; 128      ;            ;          ; GND                                      ; gnd    ;              ;         ; --         ;                 ; --       ; --           ;
; 129      ; 148        ; 2        ; PDready                                  ; output ; 3.3-V LVTTL  ;         ; Column I/O ; N               ; no       ; Off          ;
; 130      ;            ;          ; GND                                      ; gnd    ;              ;         ; --         ;                 ; --       ; --           ;
; 131      ;            ;          ; VCCINT                                   ; power  ;              ; 1.2V    ; --         ;                 ; --       ; --           ;
; 132      ; 153        ; 2        ; GND*                                     ;        ;              ;         ; Column I/O ;                 ; no       ; Off          ;
; 133      ; 154        ; 2        ; GND*                                     ;        ;              ;         ; Column I/O ;                 ; no       ; Off          ;
; 134      ; 155        ; 2        ; GND*                                     ;        ;              ;         ; Column I/O ;                 ; no       ; Off          ;
; 135      ; 162        ; 2        ; GND*                                     ;        ;              ;         ; Column I/O ;                 ; no       ; Off          ;
; 136      ; 163        ; 2        ; GND*                                     ;        ;              ;         ; Column I/O ;                 ; no       ; Off          ;
; 137      ; 164        ; 2        ; GND*                                     ;        ;              ;         ; Column I/O ;                 ; no       ; Off          ;
; 138      ;            ; 2        ; VCCIO2                                   ; power  ;              ; 3.3V    ; --         ;                 ; --       ; --           ;
; 139      ; 165        ; 2        ; GND*                                     ;        ;              ;         ; Column I/O ;                 ; no       ; Off          ;
; 140      ;            ;          ; GND                                      ; gnd    ;              ;         ; --         ;                 ; --       ; --           ;
; 141      ; 166        ; 2        ; GND*                                     ;        ;              ;         ; Column I/O ;                 ; no       ; Off          ;
; 142      ; 167        ; 2        ; GND*                                     ;        ;              ;         ; Column I/O ;                 ; no       ; Off          ;
; 143      ; 168        ; 2        ; GND*                                     ;        ;              ;         ; Column I/O ;                 ; no       ; Off          ;
; 144      ; 169        ; 2        ; GND*                                     ;        ;              ;         ; Column I/O ;                 ; no       ; Off          ;
+----------+------------+----------+------------------------------------------+--------+--------------+---------+------------+-----------------+----------+--------------+
Note: Pin directions (input, output or bidir) are based on device operating in user mode.


+-------------------------------------------------------------------------------+
; Output Pin Default Load For Reported TCO                                      ;
+----------------------------------+-------+------------------------------------+
; I/O Standard                     ; Load  ; Termination Resistance             ;
+----------------------------------+-------+------------------------------------+
; 3.3-V LVTTL                      ; 0 pF  ; Not Available                      ;
; 3.3-V LVCMOS                     ; 0 pF  ; Not Available                      ;
; 2.5 V                            ; 0 pF  ; Not Available                      ;
; 1.8 V                            ; 0 pF  ; Not Available                      ;
; 1.5 V                            ; 0 pF  ; Not Available                      ;
; 3.3-V PCI                        ; 10 pF ; 25 Ohm (Parallel)                  ;
; 3.3-V PCI-X                      ; 10 pF ; 25 Ohm (Parallel)                  ;
; SSTL-2 Class I                   ; 0 pF  ; 50 Ohm (Parallel), 25 Ohm (Serial) ;
; SSTL-2 Class II                  ; 0 pF  ; 25 Ohm (Parallel), 25 Ohm (Serial) ;
; SSTL-18 Class I                  ; 0 pF  ; 50 Ohm (Parallel), 25 Ohm (Serial) ;
; SSTL-18 Class II                 ; 0 pF  ; 25 Ohm (Parallel), 25 Ohm (Serial) ;
; 1.5-V HSTL Class I               ; 0 pF  ; 50 Ohm (Parallel)                  ;
; 1.5-V HSTL Class II              ; 0 pF  ; 25 Ohm (Parallel)                  ;
; 1.8-V HSTL Class I               ; 0 pF  ; 50 Ohm (Parallel)                  ;
; 1.8-V HSTL Class II              ; 0 pF  ; 25 Ohm (Parallel)                  ;
; Differential SSTL-2              ; 0 pF  ; (See SSTL-2)                       ;
; Differential 2.5-V SSTL Class II ; 0 pF  ; (See SSTL-2 Class II)              ;
; Differential 1.8-V SSTL Class I  ; 0 pF  ; (See 1.8-V SSTL Class I)           ;
; Differential 1.8-V SSTL Class II ; 0 pF  ; (See 1.8-V SSTL Class II)          ;
; Differential 1.5-V HSTL Class I  ; 0 pF  ; (See 1.5-V HSTL Class I)           ;
; Differential 1.5-V HSTL Class II ; 0 pF  ; (See 1.5-V HSTL Class II)          ;
; Differential 1.8-V HSTL Class I  ; 0 pF  ; (See 1.8-V HSTL Class I)           ;
; Differential 1.8-V HSTL Class II ; 0 pF  ; (See 1.8-V HSTL Class II)          ;
; LVDS                             ; 0 pF  ; 100 Ohm (Differential)             ;
; mini-LVDS                        ; 0 pF  ; 100 Ohm (Differential)             ;
; RSDS                             ; 0 pF  ; 100 Ohm (Differential)             ;
; Simple RSDS                      ; 0 pF  ; Not Available                      ;
; Differential LVPECL              ; 0 pF  ; 100 Ohm (Differential)             ;
+----------------------------------+-------+------------------------------------+
Note: User assignments will override these defaults. The user specified values are listed in the Output Pins and Bidir Pins tables.


+-------------------------------------------------------------------------------------------------------------------------------------------------------------------------------------------------------------------------------------------------------------------+
; Fitter Resource Utilization by Entity                                                                                                                                                                                                                             ;
+----------------------------+-------------+---------------------------+---------------+-------------+------+--------------+---------+-----------+------+--------------+--------------+-------------------+------------------+-----------------------+--------------+
; Compilation Hierarchy Node ; Logic Cells ; Dedicated Logic Registers ; I/O Registers ; Memory Bits ; M4Ks ; DSP Elements ; DSP 9x9 ; DSP 18x18 ; Pins ; Virtual Pins ; LUT-Only LCs ; Register-Only LCs ; LUT/Register LCs ; Full Hierarchy Name   ; Library Name ;
+----------------------------+-------------+---------------------------+---------------+-------------+------+--------------+---------+-----------+------+--------------+--------------+-------------------+------------------+-----------------------+--------------+
; |Lab_4                     ; 20 (0)      ; 20 (0)                    ; 0 (0)         ; 0           ; 0    ; 0            ; 0       ; 0         ; 21   ; 0            ; 0 (0)        ; 1 (0)             ; 19 (0)           ; |Lab_4                ; work         ;
;    |Receiver:RC|           ; 11 (11)     ; 10 (10)                   ; 0 (0)         ; 0           ; 0    ; 0            ; 0       ; 0         ; 0    ; 0            ; 0 (0)        ; 1 (1)             ; 10 (10)          ; |Lab_4|Receiver:RC    ; work         ;
;    |Transmitter:TM|        ; 10 (10)     ; 10 (10)                   ; 0 (0)         ; 0           ; 0    ; 0            ; 0       ; 0         ; 0    ; 0            ; 0 (0)        ; 0 (0)             ; 10 (10)          ; |Lab_4|Transmitter:TM ; work         ;
+----------------------------+-------------+---------------------------+---------------+-------------+------+--------------+---------+-----------+------+--------------+--------------+-------------------+------------------+-----------------------+--------------+
Note: For table entries with two numbers listed, the numbers in parentheses indicate the number of resources of the given type used by the specific entity alone. The numbers listed outside of parentheses indicate the total resources of the given type used by the specific entity and all of its sub-entities in the hierarchy.


+-----------------------------------------------------------------------------------+
; Delay Chain Summary                                                               ;
+----------+----------+---------------+---------------+-----------------------+-----+
; Name     ; Pin Type ; Pad to Core 0 ; Pad to Core 1 ; Pad to Input Register ; TCO ;
+----------+----------+---------------+---------------+-----------------------+-----+
; PDout[0] ; Output   ; --            ; --            ; --                    ; --  ;
; PDout[1] ; Output   ; --            ; --            ; --                    ; --  ;
; PDout[2] ; Output   ; --            ; --            ; --                    ; --  ;
; PDout[3] ; Output   ; --            ; --            ; --                    ; --  ;
; PDout[4] ; Output   ; --            ; --            ; --                    ; --  ;
; PDout[5] ; Output   ; --            ; --            ; --                    ; --  ;
; PDout[6] ; Output   ; --            ; --            ; --                    ; --  ;
; PDout[7] ; Output   ; --            ; --            ; --                    ; --  ;
; PDready  ; Output   ; --            ; --            ; --                    ; --  ;
; SDout    ; Output   ; --            ; --            ; --                    ; --  ;
; SClk     ; Output   ; --            ; --            ; --                    ; --  ;
; Clk      ; Input    ; 0             ; 0             ; --                    ; --  ;
; Send     ; Input    ; 6             ; 6             ; --                    ; --  ;
; PDin[7]  ; Input    ; 6             ; 6             ; --                    ; --  ;
; PDin[6]  ; Input    ; 6             ; 6             ; --                    ; --  ;
; PDin[5]  ; Input    ; 6             ; 6             ; --                    ; --  ;
; PDin[4]  ; Input    ; 6             ; 6             ; --                    ; --  ;
; PDin[3]  ; Input    ; 6             ; 6             ; --                    ; --  ;
; PDin[2]  ; Input    ; 6             ; 6             ; --                    ; --  ;
; PDin[1]  ; Input    ; 0             ; 0             ; --                    ; --  ;
; PDin[0]  ; Input    ; 0             ; 0             ; --                    ; --  ;
+----------+----------+---------------+---------------+-----------------------+-----+


+-------------------------------------------------------------------+
; Pad To Core Delay Chain Fanout                                    ;
+-------------------------------------+-------------------+---------+
; Source Pin / Fanout                 ; Pad To Core Index ; Setting ;
+-------------------------------------+-------------------+---------+
; Clk                                 ;                   ;         ;
; Send                                ;                   ;         ;
;      - Transmitter:TM|storaged_Send ; 0                 ; 6       ;
;      - Transmitter:TM|SR~9          ; 0                 ; 6       ;
;      - Transmitter:TM|SR~10         ; 0                 ; 6       ;
;      - Transmitter:TM|SR~11         ; 0                 ; 6       ;
;      - Transmitter:TM|SR~12         ; 0                 ; 6       ;
;      - Transmitter:TM|SR~13         ; 0                 ; 6       ;
;      - Transmitter:TM|SR~14         ; 0                 ; 6       ;
;      - Transmitter:TM|SR~15         ; 0                 ; 6       ;
;      - Transmitter:TM|SR~16         ; 0                 ; 6       ;
;      - Transmitter:TM|SR~17         ; 0                 ; 6       ;
; PDin[7]                             ;                   ;         ;
;      - Transmitter:TM|SR~10         ; 1                 ; 6       ;
; PDin[6]                             ;                   ;         ;
;      - Transmitter:TM|SR~11         ; 0                 ; 6       ;
; PDin[5]                             ;                   ;         ;
;      - Transmitter:TM|SR~12         ; 0                 ; 6       ;
; PDin[4]                             ;                   ;         ;
;      - Transmitter:TM|SR~13         ; 1                 ; 6       ;
; PDin[3]                             ;                   ;         ;
;      - Transmitter:TM|SR~14         ; 0                 ; 6       ;
; PDin[2]                             ;                   ;         ;
;      - Transmitter:TM|SR~15         ; 1                 ; 6       ;
; PDin[1]                             ;                   ;         ;
; PDin[0]                             ;                   ;         ;
+-------------------------------------+-------------------+---------+


+-----------------------------------------------------------------------------------------------------------------------------------------------------+
; Control Signals                                                                                                                                     ;
+-------------------------+-------------------+---------+--------------+--------+----------------------+------------------+---------------------------+
; Name                    ; Location          ; Fan-Out ; Usage        ; Global ; Global Resource Used ; Global Line Name ; Enable Signal Source Name ;
+-------------------------+-------------------+---------+--------------+--------+----------------------+------------------+---------------------------+
; Clk                     ; PIN_17            ; 20      ; Clock        ; yes    ; Global Clock         ; GCLK2            ; --                        ;
; Receiver:RC|Selector0~0 ; LCCOMB_X26_Y6_N14 ; 8       ; Clock enable ; no     ; --                   ; --               ; --                        ;
+-------------------------+-------------------+---------+--------------+--------+----------------------+------------------+---------------------------+


+-------------------------------------------------------------------------------------------------+
; Global & Other Fast Signals                                                                     ;
+------+----------+---------+----------------------+------------------+---------------------------+
; Name ; Location ; Fan-Out ; Global Resource Used ; Global Line Name ; Enable Signal Source Name ;
+------+----------+---------+----------------------+------------------+---------------------------+
; Clk  ; PIN_17   ; 20      ; Global Clock         ; GCLK2            ; --                        ;
+------+----------+---------+----------------------+------------------+---------------------------+


+----------------------------------------+
; Non-Global High Fan-Out Signals        ;
+------------------------------+---------+
; Name                         ; Fan-Out ;
+------------------------------+---------+
; Send                         ; 10      ;
; Transmitter:TM|storaged_Send ; 9       ;
; Receiver:RC|state.001        ; 9       ;
; Receiver:RC|Selector0~0      ; 8       ;
; Transmitter:TM|SR[8]         ; 4       ;
; Receiver:RC|state.000        ; 3       ;
; Receiver:RC|PDout_reg[0]     ; 3       ;
; Receiver:RC|PDout_reg[6]     ; 2       ;
; Receiver:RC|PDout_reg[5]     ; 2       ;
; Receiver:RC|PDout_reg[4]     ; 2       ;
; Receiver:RC|PDout_reg[3]     ; 2       ;
; Receiver:RC|PDout_reg[2]     ; 2       ;
; Receiver:RC|PDout_reg[1]     ; 2       ;
; PDin[0]                      ; 1       ;
; PDin[1]                      ; 1       ;
; PDin[2]                      ; 1       ;
; PDin[3]                      ; 1       ;
; PDin[4]                      ; 1       ;
; PDin[5]                      ; 1       ;
; PDin[6]                      ; 1       ;
; PDin[7]                      ; 1       ;
; Clk                          ; 1       ;
; Transmitter:TM|SR~17         ; 1       ;
; Transmitter:TM|SR~16         ; 1       ;
; Transmitter:TM|SR[0]         ; 1       ;
; Transmitter:TM|SR~15         ; 1       ;
; Transmitter:TM|SR[1]         ; 1       ;
; Transmitter:TM|SR~14         ; 1       ;
; Transmitter:TM|SR[2]         ; 1       ;
; Transmitter:TM|SR~13         ; 1       ;
; Transmitter:TM|SR[3]         ; 1       ;
; Transmitter:TM|SR~12         ; 1       ;
; Transmitter:TM|SR[4]         ; 1       ;
; Transmitter:TM|SR~11         ; 1       ;
; Transmitter:TM|SR[5]         ; 1       ;
; Transmitter:TM|SR~10         ; 1       ;
; Transmitter:TM|SR[6]         ; 1       ;
; Receiver:RC|Selector0~1      ; 1       ;
; Transmitter:TM|SR~9          ; 1       ;
; Transmitter:TM|SR[7]         ; 1       ;
; Receiver:RC|Selector2~0      ; 1       ;
; Receiver:RC|Selector3~0      ; 1       ;
; Receiver:RC|Selector4~0      ; 1       ;
; Receiver:RC|Selector5~0      ; 1       ;
; Receiver:RC|Selector6~0      ; 1       ;
; Receiver:RC|Selector7~0      ; 1       ;
; Receiver:RC|Selector8~0      ; 1       ;
; Receiver:RC|PDout_reg[0]~16  ; 1       ;
; Receiver:RC|PDout_reg[7]     ; 1       ;
+------------------------------+---------+


+----------------------------------------------------+
; Interconnect Usage Summary                         ;
+----------------------------+-----------------------+
; Interconnect Resource Type ; Usage                 ;
+----------------------------+-----------------------+
; Block interconnects        ; 28 / 15,666 ( < 1 % ) ;
; C16 interconnects          ; 1 / 812 ( < 1 % )     ;
; C4 interconnects           ; 25 / 11,424 ( < 1 % ) ;
; Direct links               ; 6 / 15,666 ( < 1 % )  ;
; Global clocks              ; 1 / 8 ( 13 % )        ;
; Local interconnects        ; 17 / 4,608 ( < 1 % )  ;
; R24 interconnects          ; 5 / 652 ( < 1 % )     ;
; R4 interconnects           ; 34 / 13,328 ( < 1 % ) ;
+----------------------------+-----------------------+


+---------------------------------------------------------------------------+
; LAB Logic Elements                                                        ;
+---------------------------------------------+-----------------------------+
; Number of Logic Elements  (Average = 10.00) ; Number of LABs  (Total = 2) ;
+---------------------------------------------+-----------------------------+
; 1                                           ; 0                           ;
; 2                                           ; 0                           ;
; 3                                           ; 0                           ;
; 4                                           ; 1                           ;
; 5                                           ; 0                           ;
; 6                                           ; 0                           ;
; 7                                           ; 0                           ;
; 8                                           ; 0                           ;
; 9                                           ; 0                           ;
; 10                                          ; 0                           ;
; 11                                          ; 0                           ;
; 12                                          ; 0                           ;
; 13                                          ; 0                           ;
; 14                                          ; 0                           ;
; 15                                          ; 0                           ;
; 16                                          ; 1                           ;
+---------------------------------------------+-----------------------------+


+------------------------------------------------------------------+
; LAB-wide Signals                                                 ;
+------------------------------------+-----------------------------+
; LAB-wide Signals  (Average = 1.00) ; Number of LABs  (Total = 2) ;
+------------------------------------+-----------------------------+
; 1 Clock                            ; 2                           ;
+------------------------------------+-----------------------------+


+----------------------------------------------------------------------------+
; LAB Signals Sourced                                                        ;
+----------------------------------------------+-----------------------------+
; Number of Signals Sourced  (Average = 19.50) ; Number of LABs  (Total = 2) ;
+----------------------------------------------+-----------------------------+
; 0                                            ; 0                           ;
; 1                                            ; 0                           ;
; 2                                            ; 0                           ;
; 3                                            ; 0                           ;
; 4                                            ; 0                           ;
; 5                                            ; 0                           ;
; 6                                            ; 0                           ;
; 7                                            ; 0                           ;
; 8                                            ; 1                           ;
; 9                                            ; 0                           ;
; 10                                           ; 0                           ;
; 11                                           ; 0                           ;
; 12                                           ; 0                           ;
; 13                                           ; 0                           ;
; 14                                           ; 0                           ;
; 15                                           ; 0                           ;
; 16                                           ; 0                           ;
; 17                                           ; 0                           ;
; 18                                           ; 0                           ;
; 19                                           ; 0                           ;
; 20                                           ; 0                           ;
; 21                                           ; 0                           ;
; 22                                           ; 0                           ;
; 23                                           ; 0                           ;
; 24                                           ; 0                           ;
; 25                                           ; 0                           ;
; 26                                           ; 0                           ;
; 27                                           ; 0                           ;
; 28                                           ; 0                           ;
; 29                                           ; 0                           ;
; 30                                           ; 0                           ;
; 31                                           ; 1                           ;
+----------------------------------------------+-----------------------------+


+-------------------------------------------------------------------------------+
; LAB Signals Sourced Out                                                       ;
+-------------------------------------------------+-----------------------------+
; Number of Signals Sourced Out  (Average = 5.50) ; Number of LABs  (Total = 2) ;
+-------------------------------------------------+-----------------------------+
; 0                                               ; 0                           ;
; 1                                               ; 1                           ;
; 2                                               ; 0                           ;
; 3                                               ; 0                           ;
; 4                                               ; 0                           ;
; 5                                               ; 0                           ;
; 6                                               ; 0                           ;
; 7                                               ; 0                           ;
; 8                                               ; 0                           ;
; 9                                               ; 0                           ;
; 10                                              ; 1                           ;
+-------------------------------------------------+-----------------------------+


+---------------------------------------------------------------------------+
; LAB Distinct Inputs                                                       ;
+---------------------------------------------+-----------------------------+
; Number of Distinct Inputs  (Average = 7.00) ; Number of LABs  (Total = 2) ;
+---------------------------------------------+-----------------------------+
; 0                                           ; 0                           ;
; 1                                           ; 0                           ;
; 2                                           ; 0                           ;
; 3                                           ; 0                           ;
; 4                                           ; 0                           ;
; 5                                           ; 0                           ;
; 6                                           ; 0                           ;
; 7                                           ; 2                           ;
+---------------------------------------------+-----------------------------+


+-------------------------------------------------------------------------+
; Fitter Device Options                                                   ;
+----------------------------------------------+--------------------------+
; Option                                       ; Setting                  ;
+----------------------------------------------+--------------------------+
; Enable user-supplied start-up clock (CLKUSR) ; Off                      ;
; Enable device-wide reset (DEV_CLRn)          ; Off                      ;
; Enable device-wide output enable (DEV_OE)    ; Off                      ;
; Enable INIT_DONE output                      ; Off                      ;
; Configuration scheme                         ; Active Serial            ;
; Error detection CRC                          ; Off                      ;
; nCEO                                         ; As output driving ground ;
; ASDO,nCSO                                    ; As input tri-stated      ;
; Reserve all unused pins                      ; As output driving ground ;
; Base pin-out file on sameframe device        ; Off                      ;
+----------------------------------------------+--------------------------+


+------------------------------------+
; Operating Settings and Conditions  ;
+---------------------------+--------+
; Setting                   ; Value  ;
+---------------------------+--------+
; Nominal Core Voltage      ; 1.20 V ;
; Low Junction Temperature  ; 0 C   ;
; High Junction Temperature ; 85 C  ;
+---------------------------+--------+


+------------------------------------------------------------+
; Estimated Delay Added for Hold Timing                      ;
+-----------------+----------------------+-------------------+
; Source Clock(s) ; Destination Clock(s) ; Delay Added in ns ;
+-----------------+----------------------+-------------------+


+----------------------------+
; Advanced Data - General    ;
+--------------------+-------+
; Name               ; Value ;
+--------------------+-------+
; Status Code        ; 0     ;
; Desired User Slack ; 0     ;
; Fit Attempts       ; 1     ;
+--------------------+-------+


+--------------------------------------------------------------------------------+
; Advanced Data - Placement Preparation                                          ;
+------------------------------------------------------------------+-------------+
; Name                                                             ; Value       ;
+------------------------------------------------------------------+-------------+
; Auto Fit Point 1 - Fit Attempt 1                                 ; ff          ;
; Mid Wire Use - Fit Attempt 1                                     ; 0           ;
; Mid Slack - Fit Attempt 1                                        ; -4402       ;
; Internal Atom Count - Fit Attempt 1                              ; 40          ;
; LE/ALM Count - Fit Attempt 1                                     ; 21          ;
; LAB Count - Fit Attempt 1                                        ; 3           ;
; Outputs per Lab - Fit Attempt 1                                  ; 4.000       ;
; Inputs per LAB - Fit Attempt 1                                   ; 4.333       ;
; Global Inputs per LAB - Fit Attempt 1                            ; 0.667       ;
; LAB Constraint 'non-global clock + sync load' - Fit Attempt 1    ; 0:3         ;
; LAB Constraint 'non-global controls' - Fit Attempt 1             ; 0:2;1:1     ;
; LAB Constraint 'non-global + aclr' - Fit Attempt 1               ; 0:2;1:1     ;
; LAB Constraint 'global non-clock non-aclr' - Fit Attempt 1       ; 0:3         ;
; LAB Constraint 'global controls' - Fit Attempt 1                 ; 0:1;1:2     ;
; LAB Constraint 'deterministic LABSMUXA/LABXMUXB' - Fit Attempt 1 ; 0:2;1:1     ;
; LAB Constraint 'deterministic LABSMUXC/LABXMUXD' - Fit Attempt 1 ; 0:2;1:1     ;
; LAB Constraint 'clock / ce pair constraint' - Fit Attempt 1      ; 0:1;1:1;2:1 ;
; LAB Constraint 'aclr constraint' - Fit Attempt 1                 ; 0:1;1:2     ;
; LAB Constraint 'true sload_sclear pair' - Fit Attempt 1          ; 0:3         ;
; LAB Constraint 'constant sload_sclear pair' - Fit Attempt 1      ; 0:3         ;
; LAB Constraint 'has placement constraint' - Fit Attempt 1        ; 0:3         ;
; LAB Constraint 'group hierarchy constraint' - Fit Attempt 1      ; 0:1;1:1;2:1 ;
; LEs in Chains - Fit Attempt 1                                    ; 0           ;
; LEs in Long Chains - Fit Attempt 1                               ; 0           ;
; LABs with Chains - Fit Attempt 1                                 ; 0           ;
; LABs with Multiple Chains - Fit Attempt 1                        ; 0           ;
; Time - Fit Attempt 1                                             ; 0           ;
+------------------------------------------------------------------+-------------+


+--------------------------------------------+
; Advanced Data - Placement                  ;
+------------------------------------+-------+
; Name                               ; Value ;
+------------------------------------+-------+
; Auto Fit Point 2 - Fit Attempt 1   ; ff    ;
; Auto Fit Point 5 - Fit Attempt 1   ; ff    ;
; Mid Wire Use - Fit Attempt 1       ; 0     ;
; Mid Slack - Fit Attempt 1          ; -1568 ;
; Auto Fit Point 6 - Fit Attempt 1   ; ff    ;
; Auto Fit Point 6 - Fit Attempt 1   ; ff    ;
; Auto Fit Point 6 - Fit Attempt 1   ; ff    ;
; Auto Fit Point 5 - Fit Attempt 1   ; ff    ;
; Mid Wire Use - Fit Attempt 1       ; 0     ;
; Mid Slack - Fit Attempt 1          ; -1568 ;
; Auto Fit Point 6 - Fit Attempt 1   ; ff    ;
; Auto Fit Point 6 - Fit Attempt 1   ; ff    ;
; Auto Fit Point 6 - Fit Attempt 1   ; ff    ;
; Late Wire Use - Fit Attempt 1      ; 0     ;
; Late Slack - Fit Attempt 1         ; -1568 ;
; Peak Regional Wire - Fit Attempt 1 ; 0.000 ;
; Auto Fit Point 7 - Fit Attempt 1   ; ff    ;
; Time - Fit Attempt 1               ; 0     ;
+------------------------------------+-------+


+--------------------------------------------------+
; Advanced Data - Routing                          ;
+------------------------------------+-------------+
; Name                               ; Value       ;
+------------------------------------+-------------+
; Early Slack - Fit Attempt 1        ; -1309       ;
; Early Wire Use - Fit Attempt 1     ; 0           ;
; Peak Regional Wire - Fit Attempt 1 ; 0           ;
; Mid Slack - Fit Attempt 1          ; -1793       ;
; Late Slack - Fit Attempt 1         ; -2147483648 ;
; Late Wire Use - Fit Attempt 1      ; 0           ;
; Time - Fit Attempt 1               ; 0           ;
+------------------------------------+-------------+


+-----------------+
; Fitter Messages ;
+-----------------+
Info: *******************************************************************
Info: Running Quartus II Fitter
    Info: Version 9.0 Build 132 02/25/2009 SJ Web Edition
    Info: Processing started: Sun Jun 04 00:28:41 2023
Info: Command: quartus_fit --read_settings_files=off --write_settings_files=off Lab_4 -c Lab_4
Info: Selected device EP2C5T144C8 for design "Lab_4"
Info: Low junction temperature is 0 degrees C
Info: High junction temperature is 85 degrees C
Info: Fitter is performing an Auto Fit compilation, which may decrease Fitter effort to reduce compilation time
Warning: Feature LogicLock is not available with your current license
Info: Device migration not selected. If you intend to use device migration later, you may need to change the pin assignments as they may be incompatible with other devices
    Info: Device EP2C5T144I8 is compatible
    Info: Device EP2C8T144C8 is compatible
    Info: Device EP2C8T144I8 is compatible
Info: Fitter converted 3 user pins into dedicated programming pins
    Info: Pin ~ASDO~ is reserved at location 1
    Info: Pin ~nCSO~ is reserved at location 2
    Info: Pin ~LVDS41p/nCEO~ is reserved at location 76
Warning: No exact pin location assignment(s) for 21 pins of 21 total pins
    Info: Pin PDout[0] not assigned to an exact location on the device
    Info: Pin PDout[1] not assigned to an exact location on the device
    Info: Pin PDout[2] not assigned to an exact location on the device
    Info: Pin PDout[3] not assigned to an exact location on the device
    Info: Pin PDout[4] not assigned to an exact location on the device
    Info: Pin PDout[5] not assigned to an exact location on the device
    Info: Pin PDout[6] not assigned to an exact location on the device
    Info: Pin PDout[7] not assigned to an exact location on the device
    Info: Pin PDready not assigned to an exact location on the device
    Info: Pin SDout not assigned to an exact location on the device
    Info: Pin SClk not assigned to an exact location on the device
    Info: Pin Clk not assigned to an exact location on the device
    Info: Pin Send not assigned to an exact location on the device
    Info: Pin PDin[7] not assigned to an exact location on the device
    Info: Pin PDin[6] not assigned to an exact location on the device
    Info: Pin PDin[5] not assigned to an exact location on the device
    Info: Pin PDin[4] not assigned to an exact location on the device
    Info: Pin PDin[3] not assigned to an exact location on the device
    Info: Pin PDin[2] not assigned to an exact location on the device
    Info: Pin PDin[1] not assigned to an exact location on the device
    Info: Pin PDin[0] not assigned to an exact location on the device
Info: Fitter is using the Classic Timing Analyzer
Info: Timing requirements not specified -- quality metrics such as performance and power consumption may be sacrificed to reduce compilation time.
Info: Automatically promoted node Clk (placed in PIN 17 (CLK0, LVDSCLK0p, Input))
    Info: Automatically promoted destinations to use location or clock signal Global Clock CLKCTRL_G2
    Info: Following destination nodes may be non-global or may not use global or regional clocks
        Info: Destination node SClk
Info: Starting register packing
Extra Info: Performing register packing on registers with non-logic cell location assignments
Extra Info: Completed register packing on registers with non-logic cell location assignments
Extra Info: Started Fast Input/Output/OE register processing
Extra Info: Finished Fast Input/Output/OE register processing
Extra Info: Moving registers into I/O cells, Multiplier Blocks, and RAM blocks to improve timing and density
Extra Info: Finished moving registers into I/O cells, Multiplier Blocks, and RAM blocks
Info: Finished register packing
    Extra Info: No registers were packed into other blocks
Info: Statistics of I/O pins that need to be placed that use the same VCCIO and VREF, before I/O pin placement
    Info: Number of I/O pins in group: 20 (unused VREF, 3.3V VCCIO, 9 input, 11 output, 0 bidirectional)
        Info: I/O standards used: 3.3-V LVTTL.
Info: I/O bank details before I/O pin placement
    Info: Statistics of I/O banks
        Info: I/O bank number 1 does not use VREF pins and has undetermined VCCIO pins. 3 total pin(s) used --  16 pins available
        Info: I/O bank number 2 does not use VREF pins and has undetermined VCCIO pins. 0 total pin(s) used --  23 pins available
        Info: I/O bank number 3 does not use VREF pins and has undetermined VCCIO pins. 1 total pin(s) used --  22 pins available
        Info: I/O bank number 4 does not use VREF pins and has undetermined VCCIO pins. 0 total pin(s) used --  24 pins available
Info: Fitter preparation operations ending: elapsed time is 00:00:00
Info: Fitter placement preparation operations beginning
Info: Fitter placement preparation operations ending: elapsed time is 00:00:00
Info: Fitter placement operations beginning
Info: Fitter placement was successful
Info: Fitter placement operations ending: elapsed time is 00:00:00
Info: Slack time is -1.363 ns between source register "Receiver:RC|state.000" and destination register "Receiver:RC|PDout_reg[1]"
    Info: + Largest register to register requirement is 0.736 ns
    Info:   Shortest clock path from clock "Clk" to destination register is 2.494 ns
        Info: 1: + IC(0.000 ns) + CELL(0.854 ns) = 0.854 ns; Loc. = Unassigned; Fanout = 2; CLK Node = 'Clk'
        Info: 2: + IC(0.142 ns) + CELL(0.000 ns) = 0.996 ns; Loc. = Unassigned; Fanout = 20; COMB Node = 'Clk~clkctrl'
        Info: 3: + IC(0.832 ns) + CELL(0.666 ns) = 2.494 ns; Loc. = Unassigned; Fanout = 2; REG Node = 'Receiver:RC|PDout_reg[1]'
        Info: Total cell delay = 1.520 ns ( 60.95 % )
        Info: Total interconnect delay = 0.974 ns ( 39.05 % )
    Info:   Longest clock path from clock "Clk" to destination register is 2.494 ns
        Info: 1: + IC(0.000 ns) + CELL(0.854 ns) = 0.854 ns; Loc. = Unassigned; Fanout = 2; CLK Node = 'Clk'
        Info: 2: + IC(0.142 ns) + CELL(0.000 ns) = 0.996 ns; Loc. = Unassigned; Fanout = 20; COMB Node = 'Clk~clkctrl'
        Info: 3: + IC(0.832 ns) + CELL(0.666 ns) = 2.494 ns; Loc. = Unassigned; Fanout = 2; REG Node = 'Receiver:RC|PDout_reg[1]'
        Info: Total cell delay = 1.520 ns ( 60.95 % )
        Info: Total interconnect delay = 0.974 ns ( 39.05 % )
    Info:   Shortest clock path from clock "Clk" to source register is 2.494 ns
        Info: 1: + IC(0.000 ns) + CELL(0.854 ns) = 0.854 ns; Loc. = Unassigned; Fanout = 2; CLK Node = 'Clk'
        Info: 2: + IC(0.142 ns) + CELL(0.000 ns) = 0.996 ns; Loc. = Unassigned; Fanout = 20; COMB Node = 'Clk~clkctrl'
        Info: 3: + IC(0.832 ns) + CELL(0.666 ns) = 2.494 ns; Loc. = Unassigned; Fanout = 3; REG Node = 'Receiver:RC|state.000'
        Info: Total cell delay = 1.520 ns ( 60.95 % )
        Info: Total interconnect delay = 0.974 ns ( 39.05 % )
    Info:   Longest clock path from clock "Clk" to source register is 2.494 ns
        Info: 1: + IC(0.000 ns) + CELL(0.854 ns) = 0.854 ns; Loc. = Unassigned; Fanout = 2; CLK Node = 'Clk'
        Info: 2: + IC(0.142 ns) + CELL(0.000 ns) = 0.996 ns; Loc. = Unassigned; Fanout = 20; COMB Node = 'Clk~clkctrl'
        Info: 3: + IC(0.832 ns) + CELL(0.666 ns) = 2.494 ns; Loc. = Unassigned; Fanout = 3; REG Node = 'Receiver:RC|state.000'
        Info: Total cell delay = 1.520 ns ( 60.95 % )
        Info: Total interconnect delay = 0.974 ns ( 39.05 % )
    Info:   Micro clock to output delay of source is 0.304 ns
    Info:   Micro setup delay of destination is -0.040 ns
    Info: - Longest register to register delay is 2.099 ns
        Info: 1: + IC(0.000 ns) + CELL(0.000 ns) = 0.000 ns; Loc. = Unassigned; Fanout = 3; REG Node = 'Receiver:RC|state.000'
        Info: 2: + IC(0.675 ns) + CELL(0.206 ns) = 0.881 ns; Loc. = Unassigned; Fanout = 8; COMB Node = 'Receiver:RC|Selector0~0'
        Info: 3: + IC(0.363 ns) + CELL(0.855 ns) = 2.099 ns; Loc. = Unassigned; Fanout = 2; REG Node = 'Receiver:RC|PDout_reg[1]'
        Info: Total cell delay = 1.061 ns ( 50.55 % )
        Info: Total interconnect delay = 1.038 ns ( 49.45 % )
Info: Estimated most critical path is register to register delay of 2.099 ns
    Info: 1: + IC(0.000 ns) + CELL(0.000 ns) = 0.000 ns; Loc. = LAB_X26_Y6; Fanout = 3; REG Node = 'Receiver:RC|state.000'
    Info: 2: + IC(0.675 ns) + CELL(0.206 ns) = 0.881 ns; Loc. = LAB_X26_Y6; Fanout = 8; COMB Node = 'Receiver:RC|Selector0~0'
    Info: 3: + IC(0.363 ns) + CELL(0.855 ns) = 2.099 ns; Loc. = LAB_X26_Y6; Fanout = 2; REG Node = 'Receiver:RC|PDout_reg[1]'
    Info: Total cell delay = 1.061 ns ( 50.55 % )
    Info: Total interconnect delay = 1.038 ns ( 49.45 % )
Info: Fitter routing operations beginning
Info: Average interconnect usage is 0% of the available device resources
    Info: Peak interconnect usage is 0% of the available device resources in the region that extends from location X14_Y0 to location X28_Y14
Info: Fitter routing operations ending: elapsed time is 00:00:00
Info: The Fitter performed an Auto Fit compilation.  Optimizations were skipped to reduce compilation time.
    Info: Optimizations that may affect the design's routability were skipped
    Info: Optimizations that may affect the design's timing were skipped
Info: Started post-fitting delay annotation
Warning: Found 11 output pins without output pin load capacitance assignment
    Info: Pin "PDout[0]" has no specified output pin load capacitance -- assuming default load capacitance of 0 pF for timing analysis
    Info: Pin "PDout[1]" has no specified output pin load capacitance -- assuming default load capacitance of 0 pF for timing analysis
    Info: Pin "PDout[2]" has no specified output pin load capacitance -- assuming default load capacitance of 0 pF for timing analysis
    Info: Pin "PDout[3]" has no specified output pin load capacitance -- assuming default load capacitance of 0 pF for timing analysis
    Info: Pin "PDout[4]" has no specified output pin load capacitance -- assuming default load capacitance of 0 pF for timing analysis
    Info: Pin "PDout[5]" has no specified output pin load capacitance -- assuming default load capacitance of 0 pF for timing analysis
    Info: Pin "PDout[6]" has no specified output pin load capacitance -- assuming default load capacitance of 0 pF for timing analysis
    Info: Pin "PDout[7]" has no specified output pin load capacitance -- assuming default load capacitance of 0 pF for timing analysis
    Info: Pin "PDready" has no specified output pin load capacitance -- assuming default load capacitance of 0 pF for timing analysis
    Info: Pin "SDout" has no specified output pin load capacitance -- assuming default load capacitance of 0 pF for timing analysis
    Info: Pin "SClk" has no specified output pin load capacitance -- assuming default load capacitance of 0 pF for timing analysis
Info: Delay annotation completed successfully
Warning: Following 1 pins have nothing, GND, or VCC driving datain port -- changes to this connectivity may change fitting results
    Info: Pin PDready has VCC driving its datain port
Warning: The Reserve All Unused Pins setting has not been specified, and will default to 'As output driving ground'.
Info: Quartus II Fitter was successful. 0 errors, 5 warnings
    Info: Peak virtual memory: 267 megabytes
    Info: Processing ended: Sun Jun 04 00:28:42 2023
    Info: Elapsed time: 00:00:01
    Info: Total CPU time (on all processors): 00:00:01


